[2025-11-20T10:50:34.660+0000] {local_task_job_runner.py:123} INFO - ::group::Pre task execution logs
[2025-11-20T10:50:34.677+0000] {taskinstance.py:2613} INFO - Dependencies all met for dep_context=non-requeueable deps ti=<TaskInstance: immoeliza_pipeline.run_model_training manual__2025-11-20T10:48:53+00:00 [queued]>
[2025-11-20T10:50:34.685+0000] {taskinstance.py:2613} INFO - Dependencies all met for dep_context=requeueable deps ti=<TaskInstance: immoeliza_pipeline.run_model_training manual__2025-11-20T10:48:53+00:00 [queued]>
[2025-11-20T10:50:34.686+0000] {taskinstance.py:2866} INFO - Starting attempt 1 of 2
[2025-11-20T10:50:34.698+0000] {taskinstance.py:2889} INFO - Executing <Task(DockerOperator): run_model_training> on 2025-11-20 10:48:53+00:00
[2025-11-20T10:50:34.708+0000] {logging_mixin.py:190} WARNING - /home/***/.local/lib/python3.12/site-packages/***/task/task_runner/standard_task_runner.py:70 DeprecationWarning: This process (pid=416) is multi-threaded, use of fork() may lead to deadlocks in the child.
[2025-11-20T10:50:34.707+0000] {standard_task_runner.py:104} INFO - Running: ['***', 'tasks', 'run', 'immoeliza_pipeline', 'run_model_training', 'manual__2025-11-20T10:48:53+00:00', '--job-id', '7', '--raw', '--subdir', 'DAGS_FOLDER/immoeliza_dag.py', '--cfg-path', '/tmp/tmp7wiks47o']
[2025-11-20T10:50:34.709+0000] {standard_task_runner.py:72} INFO - Started process 417 to run task
[2025-11-20T10:50:34.710+0000] {standard_task_runner.py:105} INFO - Job 7: Subtask run_model_training
[2025-11-20T10:50:34.773+0000] {task_command.py:467} INFO - Running <TaskInstance: immoeliza_pipeline.run_model_training manual__2025-11-20T10:48:53+00:00 [running]> on host 3aa706c10241
[2025-11-20T10:50:34.859+0000] {taskinstance.py:3132} INFO - Exporting env vars: AIRFLOW_CTX_DAG_OWNER='***' AIRFLOW_CTX_DAG_ID='immoeliza_pipeline' AIRFLOW_CTX_TASK_ID='run_model_training' AIRFLOW_CTX_EXECUTION_DATE='2025-11-20T10:48:53+00:00' AIRFLOW_CTX_TRY_NUMBER='1' AIRFLOW_CTX_DAG_RUN_ID='manual__2025-11-20T10:48:53+00:00'
[2025-11-20T10:50:34.860+0000] {taskinstance.py:731} INFO - ::endgroup::
[2025-11-20T10:50:34.960+0000] {docker.py:367} INFO - Starting docker container from image immoeliza-***-model-training:latest
[2025-11-20T10:50:34.969+0000] {docker.py:375} WARNING - Using remote engine or docker-in-docker and mounting temporary volume from host is not supported. Falling back to `mount_tmp_dir=False` mode. You can set `mount_tmp_dir` parameter to False to disable mounting and remove the warning
[2025-11-20T10:50:38.037+0000] {docker.py:438} INFO - 2025-11-20 10:50:38,034 - matplotlib.font_manager - INFO - generated new fontManager
[2025-11-20T10:50:44.028+0000] {docker.py:438} INFO - 2025-11-20 10:50:44,025 - ImmoEliza-Training - INFO - STARTING PRODUCTION TRAINING PIPELINE
[2025-11-20T10:50:44.029+0000] {docker.py:438} INFO - 2025-11-20 10:50:44,026 - ImmoEliza-Training - INFO - STEP 1: Analysis Preprocessing
[2025-11-20T10:50:44.030+0000] {docker.py:438} INFO - 2025-11-20 10:50:44,026 - analyse.Preprocessing - INFO - === Starting Analysis Preprocessing Pipeline ===
[2025-11-20T10:50:44.034+0000] {docker.py:438} INFO - 2025-11-20 10:50:44,032 - analyse.Preprocessing - INFO - Loaded dataset with shape: (10, 19)
[2025-11-20T10:50:44.035+0000] {docker.py:438} INFO - 2025-11-20 10:50:44,032 - analyse.Preprocessing - INFO - Columns: ['id', 'url', 'type', 'subtype', 'bedroomCount', 'province', 'locality', 'postCode', 'habitableSurface', 'buildingCondition', 'hasGarden', 'gardenSurface', 'hasTerrace', 'epcScore', 'price', 'hasParking', 'MunicipalityCleanName', 'region', 'price_square_meter']
[2025-11-20T10:50:44.046+0000] {docker.py:438} INFO - 2025-11-20 10:50:44,044 - analyse.Preprocessing - INFO - Starting initial data cleaning...
[2025-11-20T10:50:44.048+0000] {docker.py:438} INFO - 2025-11-20 10:50:44,046 - analyse.Preprocessing - INFO - Removed 0 rows with missing price or postal code
[2025-11-20T10:50:44.050+0000] {docker.py:438} INFO - 2025-11-20 10:50:44,048 - analyse.Preprocessing - INFO - Removed price outliers, remaining rows: 10
[2025-11-20T10:50:44.051+0000] {docker.py:438} INFO - 2025-11-20 10:50:44,049 - analyse.Preprocessing - INFO - Removed surface outliers, remaining rows: 10
[2025-11-20T10:50:44.053+0000] {docker.py:438} INFO - 2025-11-20 10:50:44,051 - analyse.Preprocessing - INFO - Removed bedroom outliers, remaining rows: 10
[2025-11-20T10:50:44.055+0000] {docker.py:438} INFO - 2025-11-20 10:50:44,051 - analyse.Preprocessing - INFO - Handling missing values...
[2025-11-20T10:50:44.065+0000] {docker.py:438} INFO - /app/.venv/lib/python3.13/site-packages/numpy/lib/_nanfunctions_impl.py:1214: RuntimeWarning: Mean of empty slice
[2025-11-20T10:50:44.067+0000] {docker.py:438} INFO -   return np.nanmean(a, axis, out=out, keepdims=keepdims)
[2025-11-20T10:50:44.081+0000] {docker.py:438} INFO - 2025-11-20 10:50:44,079 - analyse.Preprocessing - INFO - Adding derived features...
[2025-11-20T10:50:44.089+0000] {docker.py:438} INFO - 2025-11-20 10:50:44,087 - analyse.Preprocessing - INFO - Applied ordinal encoding to building condition
[2025-11-20T10:50:44.092+0000] {docker.py:438} INFO - 2025-11-20 10:50:44,090 - analyse.Preprocessing - INFO - Applied ordinal encoding to EPC score
[2025-11-20T10:50:44.107+0000] {docker.py:438} INFO - 2025-11-20 10:50:44,104 - analyse.Preprocessing - INFO - Applied one-hot encoding to: ['province', 'subtype', 'type', 'region']
[2025-11-20T10:50:44.108+0000] {docker.py:438} INFO - 2025-11-20 10:50:44,105 - analyse.Preprocessing - INFO - Preparing data for analysis...
[2025-11-20T10:50:44.112+0000] {docker.py:438} INFO - 2025-11-20 10:50:44,110 - analyse.Preprocessing - INFO - Prepared analysis dataset with 24 columns
[2025-11-20T10:50:44.113+0000] {docker.py:438} INFO - 2025-11-20 10:50:44,110 - analyse.Preprocessing - INFO - Final shape: (10, 24)
[2025-11-20T10:50:44.118+0000] {docker.py:438} INFO - 2025-11-20 10:50:44,117 - analyse.Preprocessing - INFO - Analysis-ready data saved to: /app/analyse/processed_for_analysis.csv
[2025-11-20T10:50:44.119+0000] {docker.py:438} INFO - 2025-11-20 10:50:44,117 - ImmoEliza-Training - INFO - Analysis preprocessing complete. Output shape: (10, 24)
[2025-11-20T10:50:44.120+0000] {docker.py:438} INFO - 2025-11-20 10:50:44,117 - ImmoEliza-Training - INFO - STEP 2: Model Preprocessing
[2025-11-20T10:50:44.121+0000] {docker.py:438} INFO - 2025-11-20 10:50:44,117 - model.Preprocessing - INFO - === Starting Model Preprocessing Pipeline ===
[2025-11-20T10:50:44.122+0000] {docker.py:438} INFO - 2025-11-20 10:50:44,120 - model.Preprocessing - INFO - Loaded dataset with shape: (10, 19)
[2025-11-20T10:50:44.122+0000] {docker.py:438} INFO - 2025-11-20 10:50:44,120 - model.Preprocessing - INFO - Columns: ['id', 'url', 'type', 'subtype', 'bedroomCount', 'province', 'locality', 'postCode', 'habitableSurface', 'buildingCondition', 'hasGarden', 'gardenSurface', 'hasTerrace', 'epcScore', 'price', 'hasParking', 'MunicipalityCleanName', 'region', 'price_square_meter']
[2025-11-20T10:50:44.123+0000] {docker.py:438} INFO - 2025-11-20 10:50:44,120 - model.Preprocessing - INFO - Starting model-specific data cleaning...
[2025-11-20T10:50:44.124+0000] {docker.py:438} INFO - 2025-11-20 10:50:44,121 - model.Preprocessing - INFO - Removed 3 rows with missing critical data
[2025-11-20T10:50:44.125+0000] {docker.py:438} INFO - 2025-11-20 10:50:44,122 - model.Preprocessing - INFO - Applied strict price filtering, remaining rows: 7
[2025-11-20T10:50:44.126+0000] {docker.py:438} INFO - 2025-11-20 10:50:44,123 - model.Preprocessing - INFO - Applied strict surface filtering, remaining rows: 7
[2025-11-20T10:50:44.127+0000] {docker.py:438} INFO - 2025-11-20 10:50:44,124 - model.Preprocessing - INFO - Applied bedroom filtering, remaining rows: 7
[2025-11-20T10:50:44.130+0000] {docker.py:438} INFO - 2025-11-20 10:50:44,128 - model.Preprocessing - INFO - Removed price/sqm outliers, remaining rows: 5
[2025-11-20T10:50:44.136+0000] {docker.py:438} INFO - 2025-11-20 10:50:44,132 - model.Preprocessing - INFO - Applied ordinal encoding to building condition
[2025-11-20T10:50:44.139+0000] {docker.py:438} INFO - 2025-11-20 10:50:44,137 - model.Preprocessing - INFO - Applied ordinal encoding to EPC score
[2025-11-20T10:50:44.139+0000] {docker.py:438} INFO - 2025-11-20 10:50:44,137 - model.Preprocessing - INFO - Preparing features for ML model...
[2025-11-20T10:50:44.146+0000] {docker.py:438} INFO - 2025-11-20 10:50:44,144 - model.Preprocessing - INFO - Selected 7 numeric and 6 categorical features
[2025-11-20T10:50:44.147+0000] {docker.py:438} INFO - 2025-11-20 10:50:44,144 - model.Preprocessing - INFO - Feature columns: ['habitableSurface', 'bedroomCount', 'postCode', 'hasGarden', 'gardenSurface', 'hasTerrace', 'hasParking', 'type', 'subtype', 'province', 'region', 'buildingCondition', 'epcScore']
[2025-11-20T10:50:44.148+0000] {docker.py:438} INFO - 2025-11-20 10:50:44,145 - model.Preprocessing - INFO - Encoding categorical columns: ['type', 'subtype', 'province', 'region']
[2025-11-20T10:50:44.160+0000] {docker.py:438} INFO - 2025-11-20 10:50:44,158 - model.Preprocessing - INFO - Final encoded shape: (5, 20)
[2025-11-20T10:50:44.164+0000] {docker.py:438} INFO - 2025-11-20 10:50:44,162 - model.Preprocessing - INFO - Train set shape: (4, 20)
[2025-11-20T10:50:44.165+0000] {docker.py:438} INFO - 2025-11-20 10:50:44,162 - model.Preprocessing - INFO - Test set shape: (1, 20)
[2025-11-20T10:50:44.170+0000] {docker.py:438} INFO - 2025-11-20 10:50:44,167 - model.Preprocessing - INFO - Fitted scaler on training data
[2025-11-20T10:50:44.184+0000] {docker.py:438} INFO - 2025-11-20 10:50:44,182 - model.Preprocessing - INFO - Saved scaler to /app/model/processed_data/scaler.pkl
[2025-11-20T10:50:44.187+0000] {docker.py:438} INFO - 2025-11-20 10:50:44,184 - model.Preprocessing - INFO - Saved feature columns to /app/model/processed_data/feature_columns.csv
[2025-11-20T10:50:44.189+0000] {docker.py:438} INFO - 2025-11-20 10:50:44,185 - model.Preprocessing - INFO - Model-ready data saved to: /app/model/processed_data
[2025-11-20T10:50:44.190+0000] {docker.py:438} INFO - 2025-11-20 10:50:44,185 - model.Preprocessing - INFO - Final feature count: 20
[2025-11-20T10:50:44.191+0000] {docker.py:438} INFO - 2025-11-20 10:50:44,185 - ImmoEliza-Training - INFO - Model preprocessing complete.
[2025-11-20T10:50:44.192+0000] {docker.py:438} INFO - 2025-11-20 10:50:44,186 - ImmoEliza-Training - INFO - Training set: (4, 20), Test set: (1, 20)
[2025-11-20T10:50:44.192+0000] {docker.py:438} INFO - 2025-11-20 10:50:44,186 - ImmoEliza-Training - INFO - STEP 3: Model Training
[2025-11-20T10:50:44.193+0000] {docker.py:438} INFO - 2025-11-20 10:50:44,186 - model.pipeline - INFO - Created 6 model pipelines
[2025-11-20T10:50:44.194+0000] {docker.py:438} INFO - 2025-11-20 10:50:44,186 - model.pipeline - INFO - Training and evaluating models...
[2025-11-20T10:50:44.194+0000] {docker.py:438} INFO - 2025-11-20 10:50:44,187 - model.pipeline - INFO - Training Linear Regression...
[2025-11-20T10:50:44.204+0000] {docker.py:438} INFO - /app/.venv/lib/python3.13/site-packages/sklearn/metrics/_regression.py:1283: UndefinedMetricWarning: R^2 score is not well-defined with less than two samples.
[2025-11-20T10:50:44.205+0000] {docker.py:438} INFO -   warnings.warn(msg, UndefinedMetricWarning)
[2025-11-20T10:50:44.225+0000] {docker.py:438} INFO - /app/.venv/lib/python3.13/site-packages/sklearn/metrics/_regression.py:1283: UndefinedMetricWarning: R^2 score is not well-defined with less than two samples.
[2025-11-20T10:50:44.228+0000] {docker.py:438} INFO -   warnings.warn(msg, UndefinedMetricWarning)
[2025-11-20T10:50:44.240+0000] {docker.py:438} INFO - /app/.venv/lib/python3.13/site-packages/sklearn/metrics/_regression.py:1283: UndefinedMetricWarning: R^2 score is not well-defined with less than two samples.
[2025-11-20T10:50:44.241+0000] {docker.py:438} INFO -   warnings.warn(msg, UndefinedMetricWarning)
[2025-11-20T10:50:44.248+0000] {docker.py:438} INFO - /app/.venv/lib/python3.13/site-packages/sklearn/metrics/_regression.py:1283: UndefinedMetricWarning: R^2 score is not well-defined with less than two samples.
[2025-11-20T10:50:44.249+0000] {docker.py:438} INFO -   warnings.warn(msg, UndefinedMetricWarning)
[2025-11-20T10:50:44.260+0000] {docker.py:438} INFO - /app/.venv/lib/python3.13/site-packages/sklearn/metrics/_regression.py:1283: UndefinedMetricWarning: R^2 score is not well-defined with less than two samples.
[2025-11-20T10:50:44.261+0000] {docker.py:438} INFO -   warnings.warn(msg, UndefinedMetricWarning)
[2025-11-20T10:50:44.262+0000] {docker.py:438} INFO - 2025-11-20 10:50:44,258 - model.pipeline - INFO -   Linear Regression - Test R²: nan, Test MAE: 114213
[2025-11-20T10:50:44.262+0000] {docker.py:438} INFO - 2025-11-20 10:50:44,259 - model.pipeline - INFO - Training Ridge Regression...
[2025-11-20T10:50:44.276+0000] {docker.py:438} INFO - /app/.venv/lib/python3.13/site-packages/sklearn/metrics/_regression.py:1283: UndefinedMetricWarning: R^2 score is not well-defined with less than two samples.
[2025-11-20T10:50:44.277+0000] {docker.py:438} INFO -   warnings.warn(msg, UndefinedMetricWarning)
[2025-11-20T10:50:44.326+0000] {docker.py:438} INFO - /app/.venv/lib/python3.13/site-packages/sklearn/metrics/_regression.py:1283: UndefinedMetricWarning: R^2 score is not well-defined with less than two samples.
[2025-11-20T10:50:44.328+0000] {docker.py:438} INFO -   warnings.warn(msg, UndefinedMetricWarning)
[2025-11-20T10:50:44.333+0000] {docker.py:438} INFO - /app/.venv/lib/python3.13/site-packages/sklearn/metrics/_regression.py:1283: UndefinedMetricWarning: R^2 score is not well-defined with less than two samples.
[2025-11-20T10:50:44.335+0000] {docker.py:438} INFO -   warnings.warn(msg, UndefinedMetricWarning)
[2025-11-20T10:50:44.360+0000] {docker.py:438} INFO - /app/.venv/lib/python3.13/site-packages/sklearn/metrics/_regression.py:1283: UndefinedMetricWarning: R^2 score is not well-defined with less than two samples.
[2025-11-20T10:50:44.363+0000] {docker.py:438} INFO -   warnings.warn(msg, UndefinedMetricWarning)
[2025-11-20T10:50:44.396+0000] {docker.py:438} INFO - /app/.venv/lib/python3.13/site-packages/sklearn/metrics/_regression.py:1283: UndefinedMetricWarning: R^2 score is not well-defined with less than two samples.
[2025-11-20T10:50:44.398+0000] {docker.py:438} INFO -   warnings.warn(msg, UndefinedMetricWarning)
[2025-11-20T10:50:44.400+0000] {docker.py:438} INFO - 2025-11-20 10:50:44,395 - model.pipeline - INFO -   Ridge Regression - Test R²: nan, Test MAE: 114214
[2025-11-20T10:50:44.401+0000] {docker.py:438} INFO - 2025-11-20 10:50:44,396 - model.pipeline - INFO - Training Random Forest...
[2025-11-20T10:50:44.617+0000] {docker.py:438} INFO - /app/.venv/lib/python3.13/site-packages/sklearn/metrics/_regression.py:1283: UndefinedMetricWarning: R^2 score is not well-defined with less than two samples.
[2025-11-20T10:50:44.618+0000] {docker.py:438} INFO -   warnings.warn(msg, UndefinedMetricWarning)
[2025-11-20T10:50:44.758+0000] {docker.py:438} INFO - /app/.venv/lib/python3.13/site-packages/sklearn/metrics/_regression.py:1283: UndefinedMetricWarning: R^2 score is not well-defined with less than two samples.
[2025-11-20T10:50:44.759+0000] {docker.py:438} INFO -   warnings.warn(msg, UndefinedMetricWarning)
[2025-11-20T10:50:44.856+0000] {docker.py:438} INFO - /app/.venv/lib/python3.13/site-packages/sklearn/metrics/_regression.py:1283: UndefinedMetricWarning: R^2 score is not well-defined with less than two samples.
[2025-11-20T10:50:44.857+0000] {docker.py:438} INFO -   warnings.warn(msg, UndefinedMetricWarning)
[2025-11-20T10:50:44.955+0000] {docker.py:438} INFO - /app/.venv/lib/python3.13/site-packages/sklearn/metrics/_regression.py:1283: UndefinedMetricWarning: R^2 score is not well-defined with less than two samples.
[2025-11-20T10:50:44.956+0000] {docker.py:438} INFO -   warnings.warn(msg, UndefinedMetricWarning)
[2025-11-20T10:50:45.051+0000] {docker.py:438} INFO - /app/.venv/lib/python3.13/site-packages/sklearn/metrics/_regression.py:1283: UndefinedMetricWarning: R^2 score is not well-defined with less than two samples.
[2025-11-20T10:50:45.052+0000] {docker.py:438} INFO -   warnings.warn(msg, UndefinedMetricWarning)
[2025-11-20T10:50:45.053+0000] {docker.py:438} INFO - 2025-11-20 10:50:45,050 - model.pipeline - INFO -   Random Forest - Test R²: nan, Test MAE: 112532
[2025-11-20T10:50:45.053+0000] {docker.py:438} INFO - 2025-11-20 10:50:45,050 - model.pipeline - INFO - Training Gradient Boosting...
[2025-11-20T10:50:45.099+0000] {docker.py:438} INFO - /app/.venv/lib/python3.13/site-packages/sklearn/metrics/_regression.py:1283: UndefinedMetricWarning: R^2 score is not well-defined with less than two samples.
[2025-11-20T10:50:45.101+0000] {docker.py:438} INFO -   warnings.warn(msg, UndefinedMetricWarning)
[2025-11-20T10:50:45.159+0000] {docker.py:438} INFO - /app/.venv/lib/python3.13/site-packages/sklearn/metrics/_regression.py:1283: UndefinedMetricWarning: R^2 score is not well-defined with less than two samples.
[2025-11-20T10:50:45.160+0000] {docker.py:438} INFO -   warnings.warn(msg, UndefinedMetricWarning)
[2025-11-20T10:50:45.217+0000] {docker.py:438} INFO - /app/.venv/lib/python3.13/site-packages/sklearn/metrics/_regression.py:1283: UndefinedMetricWarning: R^2 score is not well-defined with less than two samples.
[2025-11-20T10:50:45.219+0000] {docker.py:438} INFO -   warnings.warn(msg, UndefinedMetricWarning)
[2025-11-20T10:50:45.273+0000] {docker.py:438} INFO - /app/.venv/lib/python3.13/site-packages/sklearn/metrics/_regression.py:1283: UndefinedMetricWarning: R^2 score is not well-defined with less than two samples.
[2025-11-20T10:50:45.273+0000] {docker.py:438} INFO -   warnings.warn(msg, UndefinedMetricWarning)
[2025-11-20T10:50:45.331+0000] {docker.py:438} INFO - /app/.venv/lib/python3.13/site-packages/sklearn/metrics/_regression.py:1283: UndefinedMetricWarning: R^2 score is not well-defined with less than two samples.
[2025-11-20T10:50:45.332+0000] {docker.py:438} INFO -   warnings.warn(msg, UndefinedMetricWarning)
[2025-11-20T10:50:45.333+0000] {docker.py:438} INFO - 2025-11-20 10:50:45,330 - model.pipeline - INFO -   Gradient Boosting - Test R²: nan, Test MAE: 114396
[2025-11-20T10:50:45.334+0000] {docker.py:438} INFO - 2025-11-20 10:50:45,330 - model.pipeline - INFO - Training Polynomial Regression...
[2025-11-20T10:50:45.343+0000] {docker.py:438} INFO - /app/.venv/lib/python3.13/site-packages/sklearn/metrics/_regression.py:1283: UndefinedMetricWarning: R^2 score is not well-defined with less than two samples.
[2025-11-20T10:50:45.344+0000] {docker.py:438} INFO -   warnings.warn(msg, UndefinedMetricWarning)
[2025-11-20T10:50:45.353+0000] {docker.py:438} INFO - /app/.venv/lib/python3.13/site-packages/sklearn/metrics/_regression.py:1283: UndefinedMetricWarning: R^2 score is not well-defined with less than two samples.
[2025-11-20T10:50:45.354+0000] {docker.py:438} INFO -   warnings.warn(msg, UndefinedMetricWarning)
[2025-11-20T10:50:45.361+0000] {docker.py:438} INFO - /app/.venv/lib/python3.13/site-packages/sklearn/metrics/_regression.py:1283: UndefinedMetricWarning: R^2 score is not well-defined with less than two samples.
[2025-11-20T10:50:45.362+0000] {docker.py:438} INFO -   warnings.warn(msg, UndefinedMetricWarning)
[2025-11-20T10:50:45.373+0000] {docker.py:438} INFO - /app/.venv/lib/python3.13/site-packages/sklearn/metrics/_regression.py:1283: UndefinedMetricWarning: R^2 score is not well-defined with less than two samples.
[2025-11-20T10:50:45.375+0000] {docker.py:438} INFO -   warnings.warn(msg, UndefinedMetricWarning)
[2025-11-20T10:50:45.381+0000] {docker.py:438} INFO - /app/.venv/lib/python3.13/site-packages/sklearn/metrics/_regression.py:1283: UndefinedMetricWarning: R^2 score is not well-defined with less than two samples.
[2025-11-20T10:50:45.382+0000] {docker.py:438} INFO -   warnings.warn(msg, UndefinedMetricWarning)
[2025-11-20T10:50:45.383+0000] {docker.py:438} INFO - 2025-11-20 10:50:45,380 - model.pipeline - INFO -   Polynomial Regression - Test R²: nan, Test MAE: 110373
[2025-11-20T10:50:45.384+0000] {docker.py:438} INFO - 2025-11-20 10:50:45,380 - model.pipeline - INFO - Training XGBoost...
[2025-11-20T10:50:49.686+0000] {docker.py:438} INFO - /app/.venv/lib/python3.13/site-packages/sklearn/metrics/_regression.py:1283: UndefinedMetricWarning: R^2 score is not well-defined with less than two samples.
[2025-11-20T10:50:49.686+0000] {docker.py:438} INFO -   warnings.warn(msg, UndefinedMetricWarning)
[2025-11-20T10:50:51.435+0000] {docker.py:438} INFO - /app/.venv/lib/python3.13/site-packages/sklearn/metrics/_regression.py:1283: UndefinedMetricWarning: R^2 score is not well-defined with less than two samples.
[2025-11-20T10:50:51.435+0000] {docker.py:438} INFO -   warnings.warn(msg, UndefinedMetricWarning)
[2025-11-20T10:50:51.685+0000] {docker.py:438} INFO - /app/.venv/lib/python3.13/site-packages/sklearn/metrics/_regression.py:1283: UndefinedMetricWarning: R^2 score is not well-defined with less than two samples.
[2025-11-20T10:50:51.685+0000] {docker.py:438} INFO -   warnings.warn(msg, UndefinedMetricWarning)
[2025-11-20T10:50:51.762+0000] {docker.py:438} INFO - /app/.venv/lib/python3.13/site-packages/sklearn/metrics/_regression.py:1283: UndefinedMetricWarning: R^2 score is not well-defined with less than two samples.
[2025-11-20T10:50:51.763+0000] {docker.py:438} INFO -   warnings.warn(msg, UndefinedMetricWarning)
[2025-11-20T10:50:51.860+0000] {docker.py:438} INFO - /app/.venv/lib/python3.13/site-packages/sklearn/metrics/_regression.py:1283: UndefinedMetricWarning: R^2 score is not well-defined with less than two samples.
[2025-11-20T10:50:51.863+0000] {docker.py:438} INFO -   warnings.warn(msg, UndefinedMetricWarning)
[2025-11-20T10:50:51.864+0000] {docker.py:438} INFO - 2025-11-20 10:50:51,859 - model.pipeline - INFO -   XGBoost - Test R²: nan, Test MAE: 127310
[2025-11-20T10:50:51.866+0000] {docker.py:438} INFO - 2025-11-20 10:50:51,859 - model.pipeline - INFO - Best model: Linear Regression with R² = -inf
[2025-11-20T10:50:51.867+0000] {docker.py:438} INFO - 2025-11-20 10:50:51,859 - ImmoEliza-Training - INFO - Model training complete. Best model: Linear Regression
[2025-11-20T10:50:51.868+0000] {docker.py:438} INFO - 2025-11-20 10:50:51,861 - model.pipeline - INFO - Saved best model (Linear Regression) to /app/model/trained_models/best_model.pkl
[2025-11-20T10:50:51.869+0000] {docker.py:438} INFO - 2025-11-20 10:50:51,862 - model.pipeline - INFO - Saved model metadata to /app/model/trained_models/model_metadata.csv
[2025-11-20T10:50:51.903+0000] {docker.py:438} INFO - 2025-11-20 10:50:51,902 - model.pipeline - INFO - Saved all models to /app/model/trained_models/all_models
[2025-11-20T10:50:51.904+0000] {docker.py:438} INFO - 2025-11-20 10:50:51,903 - model.pipeline - INFO - Saved detailed results to /app/model/trained_models/detailed_results.csv
[2025-11-20T10:50:51.905+0000] {docker.py:438} INFO - 2025-11-20 10:50:51,903 - ImmoEliza-Training - INFO - Models saved to /app/model/trained_models
[2025-11-20T10:50:51.905+0000] {docker.py:438} INFO - 2025-11-20 10:50:51,903 - ImmoEliza-Training - INFO - TRAINING PIPELINE COMPLETED SUCCESSFULLY
[2025-11-20T10:50:51.906+0000] {docker.py:438} INFO - <class 'pandas.core.frame.DataFrame'>
[2025-11-20T10:50:51.906+0000] {docker.py:438} INFO - RangeIndex: 10 entries, 0 to 9
[2025-11-20T10:50:51.906+0000] {docker.py:438} INFO - Data columns (total 19 columns):
[2025-11-20T10:50:51.907+0000] {docker.py:438} INFO -  #   Column                 Non-Null Count  Dtype  
[2025-11-20T10:50:51.907+0000] {docker.py:438} INFO - ---  ------                 --------------  -----  
[2025-11-20T10:50:51.907+0000] {docker.py:438} INFO -  0   id                     10 non-null     float64
[2025-11-20T10:50:51.908+0000] {docker.py:438} INFO -  1   url                    10 non-null     object 
[2025-11-20T10:50:51.908+0000] {docker.py:438} INFO -  2   type                   10 non-null     object 
[2025-11-20T10:50:51.908+0000] {docker.py:438} INFO -  3   subtype                10 non-null     object 
[2025-11-20T10:50:51.909+0000] {docker.py:438} INFO -  4   bedroomCount           10 non-null     float64
[2025-11-20T10:50:51.909+0000] {docker.py:438} INFO -  5   province               10 non-null     object 
[2025-11-20T10:50:51.909+0000] {docker.py:438} INFO -  6   locality               10 non-null     int64  
[2025-11-20T10:50:51.910+0000] {docker.py:438} INFO -  7   postCode               10 non-null     int64  
[2025-11-20T10:50:51.910+0000] {docker.py:438} INFO -  8   habitableSurface       7 non-null      float64
[2025-11-20T10:50:51.910+0000] {docker.py:438} INFO -  9   buildingCondition      1 non-null      object 
[2025-11-20T10:50:51.910+0000] {docker.py:438} INFO -  10  hasGarden              10 non-null     int64  
[2025-11-20T10:50:51.911+0000] {docker.py:438} INFO -  11  gardenSurface          10 non-null     float64
[2025-11-20T10:50:51.911+0000] {docker.py:438} INFO -  12  hasTerrace             10 non-null     int64  
[2025-11-20T10:50:51.911+0000] {docker.py:438} INFO -  13  epcScore               8 non-null      object 
[2025-11-20T10:50:51.911+0000] {docker.py:438} INFO -  14  price                  10 non-null     float64
[2025-11-20T10:50:51.912+0000] {docker.py:438} INFO -  15  hasParking             10 non-null     int64  
[2025-11-20T10:50:51.912+0000] {docker.py:438} INFO -  16  MunicipalityCleanName  10 non-null     int64  
[2025-11-20T10:50:51.912+0000] {docker.py:438} INFO -  17  region                 10 non-null     object 
[2025-11-20T10:50:51.913+0000] {docker.py:438} INFO -  18  price_square_meter     7 non-null      float64
[2025-11-20T10:50:51.913+0000] {docker.py:438} INFO - dtypes: float64(6), int64(6), object(7)
[2025-11-20T10:50:51.913+0000] {docker.py:438} INFO - memory usage: 1.6+ KB
[2025-11-20T10:50:51.914+0000] {docker.py:438} INFO - None
[2025-11-20T10:50:52.645+0000] {taskinstance.py:340} INFO - ::group::Post task execution logs
[2025-11-20T10:50:52.651+0000] {taskinstance.py:352} INFO - Marking task as SUCCESS. dag_id=immoeliza_pipeline, task_id=run_model_training, run_id=manual__2025-11-20T10:48:53+00:00, execution_date=20251120T104853, start_date=20251120T105034, end_date=20251120T105052
[2025-11-20T10:50:52.761+0000] {local_task_job_runner.py:266} INFO - Task exited with return code 0
[2025-11-20T10:50:52.828+0000] {taskinstance.py:3895} INFO - 0 downstream tasks scheduled from follow-on schedule check
[2025-11-20T10:50:52.852+0000] {local_task_job_runner.py:245} INFO - ::endgroup::
