[2025-11-20T15:11:54.524+0000] {local_task_job_runner.py:123} INFO - ::group::Pre task execution logs
[2025-11-20T15:11:54.542+0000] {taskinstance.py:2613} INFO - Dependencies all met for dep_context=non-requeueable deps ti=<TaskInstance: immoeliza_pipeline.run_scraper manual__2025-11-20T15:11:53+00:00 [queued]>
[2025-11-20T15:11:54.551+0000] {taskinstance.py:2613} INFO - Dependencies all met for dep_context=requeueable deps ti=<TaskInstance: immoeliza_pipeline.run_scraper manual__2025-11-20T15:11:53+00:00 [queued]>
[2025-11-20T15:11:54.552+0000] {taskinstance.py:2866} INFO - Starting attempt 1 of 2
[2025-11-20T15:11:54.565+0000] {taskinstance.py:2889} INFO - Executing <Task(DockerOperator): run_scraper> on 2025-11-20 15:11:53+00:00
[2025-11-20T15:11:54.575+0000] {logging_mixin.py:190} WARNING - /home/***/.local/lib/python3.12/site-packages/***/task/task_runner/standard_task_runner.py:70 DeprecationWarning: This process (pid=2788) is multi-threaded, use of fork() may lead to deadlocks in the child.
[2025-11-20T15:11:54.575+0000] {standard_task_runner.py:104} INFO - Running: ['***', 'tasks', 'run', 'immoeliza_pipeline', 'run_scraper', 'manual__2025-11-20T15:11:53+00:00', '--job-id', '23', '--raw', '--subdir', 'DAGS_FOLDER/immoeliza_dag.py', '--cfg-path', '/tmp/tmpnor3t4yj']
[2025-11-20T15:11:54.577+0000] {standard_task_runner.py:72} INFO - Started process 2789 to run task
[2025-11-20T15:11:54.578+0000] {standard_task_runner.py:105} INFO - Job 23: Subtask run_scraper
[2025-11-20T15:11:54.644+0000] {task_command.py:467} INFO - Running <TaskInstance: immoeliza_pipeline.run_scraper manual__2025-11-20T15:11:53+00:00 [running]> on host 3aa706c10241
[2025-11-20T15:11:54.744+0000] {taskinstance.py:3132} INFO - Exporting env vars: AIRFLOW_CTX_DAG_OWNER='***' AIRFLOW_CTX_DAG_ID='immoeliza_pipeline' AIRFLOW_CTX_TASK_ID='run_scraper' AIRFLOW_CTX_EXECUTION_DATE='2025-11-20T15:11:53+00:00' AIRFLOW_CTX_TRY_NUMBER='1' AIRFLOW_CTX_DAG_RUN_ID='manual__2025-11-20T15:11:53+00:00'
[2025-11-20T15:11:54.745+0000] {taskinstance.py:731} INFO - ::endgroup::
[2025-11-20T15:11:54.847+0000] {docker.py:367} INFO - Starting docker container from image immoeliza-***-scraper:latest
[2025-11-20T15:11:54.856+0000] {docker.py:375} WARNING - Using remote engine or docker-in-docker and mounting temporary volume from host is not supported. Falling back to `mount_tmp_dir=False` mode. You can set `mount_tmp_dir` parameter to False to disable mounting and remove the warning
[2025-11-20T15:11:55.455+0000] {docker.py:438} INFO - 2025-11-20 15:11:55,454 - INFO - ================================================================================
[2025-11-20T15:11:55.456+0000] {docker.py:438} INFO - 2025-11-20 15:11:55,454 - INFO - COMPLETE SCRAPER PIPELINE
[2025-11-20T15:11:55.457+0000] {docker.py:438} INFO - 2025-11-20 15:11:55,454 - INFO - ================================================================================
[2025-11-20T15:11:55.457+0000] {docker.py:438} INFO - 2025-11-20 15:11:55,454 - INFO - Running in FULL MODE (all URLs and properties)
[2025-11-20T15:11:55.458+0000] {docker.py:438} INFO - 2025-11-20 15:11:55,454 - INFO - ================================================================================
[2025-11-20T15:11:55.458+0000] {docker.py:438} INFO - 2025-11-20 15:11:55,454 - INFO - PHASE 1: SCRAPING PROPERTY URLs
[2025-11-20T15:11:55.459+0000] {docker.py:438} INFO - 2025-11-20 15:11:55,454 - INFO - ================================================================================
