[2025-11-20T10:27:10.185+0000] {manager.py:483} INFO - Processing files using up to 2 processes at a time 
[2025-11-20T10:27:10.186+0000] {manager.py:484} INFO - Process each file at most once every 30 seconds
[2025-11-20T10:27:10.186+0000] {manager.py:485} INFO - Checking for new files in /opt/airflow/dags every 300 seconds
[2025-11-20T10:27:10.187+0000] {manager.py:821} INFO - Searching for files in /opt/airflow/dags
[2025-11-20T10:27:10.199+0000] {manager.py:824} INFO - There are 1 files in /opt/airflow/dags
[2025-11-20T10:27:10.936+0000] {manager.py:997} INFO - 
================================================================================
DAG File Processing Stats

File Path                             PID  Runtime      # DAGs    # Errors  Last Runtime    Last Run      Last # of DB Queries
----------------------------------  -----  ---------  --------  ----------  --------------  ----------  ----------------------
/opt/airflow/dags/immoeliza_dag.py    171  0.08s             0           0                                                   0
================================================================================
[2025-11-20T10:27:41.128+0000] {manager.py:997} INFO - 
================================================================================
DAG File Processing Stats

File Path                           PID    Runtime      # DAGs    # Errors  Last Runtime    Last Run               Last # of DB Queries
----------------------------------  -----  ---------  --------  ----------  --------------  -------------------  ----------------------
/opt/airflow/dags/immoeliza_dag.py                           1           0  0.75s           2025-11-20T10:27:11                      45
================================================================================
[2025-11-20T10:28:11.348+0000] {manager.py:997} INFO - 
================================================================================
DAG File Processing Stats

File Path                           PID    Runtime      # DAGs    # Errors  Last Runtime    Last Run               Last # of DB Queries
----------------------------------  -----  ---------  --------  ----------  --------------  -------------------  ----------------------
/opt/airflow/dags/immoeliza_dag.py                           1           0  0.33s           2025-11-20T10:27:42                      12
================================================================================
[2025-11-20T10:28:41.580+0000] {manager.py:997} INFO - 
================================================================================
DAG File Processing Stats

File Path                           PID    Runtime      # DAGs    # Errors  Last Runtime    Last Run               Last # of DB Queries
----------------------------------  -----  ---------  --------  ----------  --------------  -------------------  ----------------------
/opt/airflow/dags/immoeliza_dag.py                           1           0  0.47s           2025-11-20T10:28:12                      12
================================================================================
[2025-11-20T10:29:12.272+0000] {manager.py:997} INFO - 
================================================================================
DAG File Processing Stats

File Path                           PID    Runtime      # DAGs    # Errors  Last Runtime    Last Run               Last # of DB Queries
----------------------------------  -----  ---------  --------  ----------  --------------  -------------------  ----------------------
/opt/airflow/dags/immoeliza_dag.py                           1           0  0.31s           2025-11-20T10:28:43                      12
================================================================================
[2025-11-20T10:29:42.806+0000] {manager.py:997} INFO - 
================================================================================
DAG File Processing Stats

File Path                           PID    Runtime      # DAGs    # Errors  Last Runtime    Last Run               Last # of DB Queries
----------------------------------  -----  ---------  --------  ----------  --------------  -------------------  ----------------------
/opt/airflow/dags/immoeliza_dag.py                           1           0  0.18s           2025-11-20T10:29:13                      12
================================================================================
[2025-11-20T10:30:13.207+0000] {manager.py:997} INFO - 
================================================================================
DAG File Processing Stats

File Path                           PID    Runtime      # DAGs    # Errors  Last Runtime    Last Run               Last # of DB Queries
----------------------------------  -----  ---------  --------  ----------  --------------  -------------------  ----------------------
/opt/airflow/dags/immoeliza_dag.py                           1           0  0.23s           2025-11-20T10:29:44                      12
================================================================================
[2025-11-20T10:30:43.533+0000] {manager.py:997} INFO - 
================================================================================
DAG File Processing Stats

File Path                           PID    Runtime      # DAGs    # Errors  Last Runtime    Last Run               Last # of DB Queries
----------------------------------  -----  ---------  --------  ----------  --------------  -------------------  ----------------------
/opt/airflow/dags/immoeliza_dag.py                           1           0  0.43s           2025-11-20T10:30:14                      12
================================================================================
[2025-11-20T10:31:14.116+0000] {manager.py:997} INFO - 
================================================================================
DAG File Processing Stats

File Path                           PID    Runtime      # DAGs    # Errors  Last Runtime    Last Run               Last # of DB Queries
----------------------------------  -----  ---------  --------  ----------  --------------  -------------------  ----------------------
/opt/airflow/dags/immoeliza_dag.py                           1           0  0.19s           2025-11-20T10:30:45                      12
================================================================================
[2025-11-20T10:31:44.557+0000] {manager.py:997} INFO - 
================================================================================
DAG File Processing Stats

File Path                           PID    Runtime      # DAGs    # Errors  Last Runtime    Last Run               Last # of DB Queries
----------------------------------  -----  ---------  --------  ----------  --------------  -------------------  ----------------------
/opt/airflow/dags/immoeliza_dag.py                           1           0  0.22s           2025-11-20T10:31:15                      12
================================================================================
[2025-11-20T10:32:10.874+0000] {manager.py:821} INFO - Searching for files in /opt/airflow/dags
[2025-11-20T10:32:10.912+0000] {manager.py:824} INFO - There are 1 files in /opt/airflow/dags
[2025-11-20T10:32:14.962+0000] {manager.py:997} INFO - 
================================================================================
DAG File Processing Stats

File Path                           PID    Runtime      # DAGs    # Errors  Last Runtime    Last Run               Last # of DB Queries
----------------------------------  -----  ---------  --------  ----------  --------------  -------------------  ----------------------
/opt/airflow/dags/immoeliza_dag.py                           1           0  0.21s           2025-11-20T10:31:45                      12
================================================================================
[2025-11-20T10:32:45.271+0000] {manager.py:997} INFO - 
================================================================================
DAG File Processing Stats

File Path                           PID    Runtime      # DAGs    # Errors  Last Runtime    Last Run               Last # of DB Queries
----------------------------------  -----  ---------  --------  ----------  --------------  -------------------  ----------------------
/opt/airflow/dags/immoeliza_dag.py                           1           0  0.47s           2025-11-20T10:32:16                      12
================================================================================
[2025-11-20T10:33:15.886+0000] {manager.py:997} INFO - 
================================================================================
DAG File Processing Stats

File Path                           PID    Runtime      # DAGs    # Errors  Last Runtime    Last Run               Last # of DB Queries
----------------------------------  -----  ---------  --------  ----------  --------------  -------------------  ----------------------
/opt/airflow/dags/immoeliza_dag.py                           1           0  0.37s           2025-11-20T10:32:47                      12
================================================================================
[2025-11-20T10:33:46.458+0000] {manager.py:997} INFO - 
================================================================================
DAG File Processing Stats

File Path                           PID    Runtime      # DAGs    # Errors  Last Runtime    Last Run               Last # of DB Queries
----------------------------------  -----  ---------  --------  ----------  --------------  -------------------  ----------------------
/opt/airflow/dags/immoeliza_dag.py                           1           0  0.15s           2025-11-20T10:33:17                      12
================================================================================
[2025-11-20T10:34:16.835+0000] {manager.py:997} INFO - 
================================================================================
DAG File Processing Stats

File Path                           PID    Runtime      # DAGs    # Errors  Last Runtime    Last Run               Last # of DB Queries
----------------------------------  -----  ---------  --------  ----------  --------------  -------------------  ----------------------
/opt/airflow/dags/immoeliza_dag.py                           1           0  0.16s           2025-11-20T10:33:47                      12
================================================================================
[2025-11-20T10:34:47.079+0000] {manager.py:997} INFO - 
================================================================================
DAG File Processing Stats

File Path                           PID    Runtime      # DAGs    # Errors  Last Runtime    Last Run               Last # of DB Queries
----------------------------------  -----  ---------  --------  ----------  --------------  -------------------  ----------------------
/opt/airflow/dags/immoeliza_dag.py                           1           0  0.18s           2025-11-20T10:34:18                      12
================================================================================
[2025-11-20T10:35:17.450+0000] {manager.py:997} INFO - 
================================================================================
DAG File Processing Stats

File Path                           PID    Runtime      # DAGs    # Errors  Last Runtime    Last Run               Last # of DB Queries
----------------------------------  -----  ---------  --------  ----------  --------------  -------------------  ----------------------
/opt/airflow/dags/immoeliza_dag.py                           1           0  0.17s           2025-11-20T10:34:48                      12
================================================================================
[2025-11-20T10:35:47.703+0000] {manager.py:997} INFO - 
================================================================================
DAG File Processing Stats

File Path                           PID    Runtime      # DAGs    # Errors  Last Runtime    Last Run               Last # of DB Queries
----------------------------------  -----  ---------  --------  ----------  --------------  -------------------  ----------------------
/opt/airflow/dags/immoeliza_dag.py                           1           0  0.45s           2025-11-20T10:35:18                      12
================================================================================
[2025-11-20T10:36:17.885+0000] {manager.py:997} INFO - 
================================================================================
DAG File Processing Stats

File Path                           PID    Runtime      # DAGs    # Errors  Last Runtime    Last Run               Last # of DB Queries
----------------------------------  -----  ---------  --------  ----------  --------------  -------------------  ----------------------
/opt/airflow/dags/immoeliza_dag.py                           1           0  0.50s           2025-11-20T10:35:49                      12
================================================================================
[2025-11-20T10:36:48.103+0000] {manager.py:997} INFO - 
================================================================================
DAG File Processing Stats

File Path                           PID    Runtime      # DAGs    # Errors  Last Runtime    Last Run               Last # of DB Queries
----------------------------------  -----  ---------  --------  ----------  --------------  -------------------  ----------------------
/opt/airflow/dags/immoeliza_dag.py                           1           0  0.15s           2025-11-20T10:36:20                      12
================================================================================
[2025-11-20T10:37:11.408+0000] {manager.py:821} INFO - Searching for files in /opt/airflow/dags
[2025-11-20T10:37:11.429+0000] {manager.py:824} INFO - There are 1 files in /opt/airflow/dags
[2025-11-20T10:37:18.489+0000] {manager.py:997} INFO - 
================================================================================
DAG File Processing Stats

File Path                           PID    Runtime      # DAGs    # Errors  Last Runtime    Last Run               Last # of DB Queries
----------------------------------  -----  ---------  --------  ----------  --------------  -------------------  ----------------------
/opt/airflow/dags/immoeliza_dag.py                           1           0  0.16s           2025-11-20T10:36:50                      12
================================================================================
[2025-11-20T10:37:48.739+0000] {manager.py:997} INFO - 
================================================================================
DAG File Processing Stats

File Path                           PID    Runtime      # DAGs    # Errors  Last Runtime    Last Run               Last # of DB Queries
----------------------------------  -----  ---------  --------  ----------  --------------  -------------------  ----------------------
/opt/airflow/dags/immoeliza_dag.py                           1           0  0.15s           2025-11-20T10:37:20                      12
================================================================================
[2025-11-20T10:38:19.162+0000] {manager.py:997} INFO - 
================================================================================
DAG File Processing Stats

File Path                           PID    Runtime      # DAGs    # Errors  Last Runtime    Last Run               Last # of DB Queries
----------------------------------  -----  ---------  --------  ----------  --------------  -------------------  ----------------------
/opt/airflow/dags/immoeliza_dag.py                           1           0  0.37s           2025-11-20T10:37:51                      12
================================================================================
[2025-11-20T10:38:49.538+0000] {manager.py:997} INFO - 
================================================================================
DAG File Processing Stats

File Path                           PID    Runtime      # DAGs    # Errors  Last Runtime    Last Run               Last # of DB Queries
----------------------------------  -----  ---------  --------  ----------  --------------  -------------------  ----------------------
/opt/airflow/dags/immoeliza_dag.py                           1           0  0.33s           2025-11-20T10:38:21                      12
================================================================================
[2025-11-20T10:39:19.926+0000] {manager.py:997} INFO - 
================================================================================
DAG File Processing Stats

File Path                           PID    Runtime      # DAGs    # Errors  Last Runtime    Last Run               Last # of DB Queries
----------------------------------  -----  ---------  --------  ----------  --------------  -------------------  ----------------------
/opt/airflow/dags/immoeliza_dag.py                           1           0  0.30s           2025-11-20T10:38:51                      12
================================================================================
[2025-11-20T10:39:50.253+0000] {manager.py:997} INFO - 
================================================================================
DAG File Processing Stats

File Path                           PID    Runtime      # DAGs    # Errors  Last Runtime    Last Run               Last # of DB Queries
----------------------------------  -----  ---------  --------  ----------  --------------  -------------------  ----------------------
/opt/airflow/dags/immoeliza_dag.py                           1           0  0.15s           2025-11-20T10:39:22                      12
================================================================================
[2025-11-20T10:40:20.492+0000] {manager.py:997} INFO - 
================================================================================
DAG File Processing Stats

File Path                           PID    Runtime      # DAGs    # Errors  Last Runtime    Last Run               Last # of DB Queries
----------------------------------  -----  ---------  --------  ----------  --------------  -------------------  ----------------------
/opt/airflow/dags/immoeliza_dag.py                           1           0  0.17s           2025-11-20T10:39:52                      12
================================================================================
[2025-11-20T10:40:50.861+0000] {manager.py:997} INFO - 
================================================================================
DAG File Processing Stats

File Path                           PID    Runtime      # DAGs    # Errors  Last Runtime    Last Run               Last # of DB Queries
----------------------------------  -----  ---------  --------  ----------  --------------  -------------------  ----------------------
/opt/airflow/dags/immoeliza_dag.py                           1           0  0.24s           2025-11-20T10:40:22                      12
================================================================================
[2025-11-20T10:41:21.172+0000] {manager.py:997} INFO - 
================================================================================
DAG File Processing Stats

File Path                           PID    Runtime      # DAGs    # Errors  Last Runtime    Last Run               Last # of DB Queries
----------------------------------  -----  ---------  --------  ----------  --------------  -------------------  ----------------------
/opt/airflow/dags/immoeliza_dag.py                           1           0  0.36s           2025-11-20T10:40:53                      12
================================================================================
[2025-11-20T10:41:51.657+0000] {manager.py:997} INFO - 
================================================================================
DAG File Processing Stats

File Path                           PID    Runtime      # DAGs    # Errors  Last Runtime    Last Run               Last # of DB Queries
----------------------------------  -----  ---------  --------  ----------  --------------  -------------------  ----------------------
/opt/airflow/dags/immoeliza_dag.py                           1           0  0.31s           2025-11-20T10:41:23                      12
================================================================================
[2025-11-20T10:42:11.421+0000] {manager.py:821} INFO - Searching for files in /opt/airflow/dags
[2025-11-20T10:42:11.447+0000] {manager.py:824} INFO - There are 1 files in /opt/airflow/dags
[2025-11-20T10:42:22.199+0000] {manager.py:997} INFO - 
================================================================================
DAG File Processing Stats

File Path                           PID    Runtime      # DAGs    # Errors  Last Runtime    Last Run               Last # of DB Queries
----------------------------------  -----  ---------  --------  ----------  --------------  -------------------  ----------------------
/opt/airflow/dags/immoeliza_dag.py                           1           0  0.33s           2025-11-20T10:41:54                      12
================================================================================
[2025-11-20T10:42:52.784+0000] {manager.py:997} INFO - 
================================================================================
DAG File Processing Stats

File Path                           PID    Runtime      # DAGs    # Errors  Last Runtime    Last Run               Last # of DB Queries
----------------------------------  -----  ---------  --------  ----------  --------------  -------------------  ----------------------
/opt/airflow/dags/immoeliza_dag.py                           1           0  0.17s           2025-11-20T10:42:24                      12
================================================================================
[2025-11-20T10:43:23.153+0000] {manager.py:997} INFO - 
================================================================================
DAG File Processing Stats

File Path                           PID    Runtime      # DAGs    # Errors  Last Runtime    Last Run               Last # of DB Queries
----------------------------------  -----  ---------  --------  ----------  --------------  -------------------  ----------------------
/opt/airflow/dags/immoeliza_dag.py                           1           0  0.17s           2025-11-20T10:42:54                      12
================================================================================
[2025-11-20T10:43:53.397+0000] {manager.py:997} INFO - 
================================================================================
DAG File Processing Stats

File Path                           PID    Runtime      # DAGs    # Errors  Last Runtime    Last Run               Last # of DB Queries
----------------------------------  -----  ---------  --------  ----------  --------------  -------------------  ----------------------
/opt/airflow/dags/immoeliza_dag.py                           1           0  0.40s           2025-11-20T10:43:25                      12
================================================================================
[2025-11-20T10:44:24.017+0000] {manager.py:997} INFO - 
================================================================================
DAG File Processing Stats

File Path                           PID    Runtime      # DAGs    # Errors  Last Runtime    Last Run               Last # of DB Queries
----------------------------------  -----  ---------  --------  ----------  --------------  -------------------  ----------------------
/opt/airflow/dags/immoeliza_dag.py                           1           0  0.31s           2025-11-20T10:43:56                      12
================================================================================
[2025-11-20T10:44:54.529+0000] {manager.py:997} INFO - 
================================================================================
DAG File Processing Stats

File Path                           PID    Runtime      # DAGs    # Errors  Last Runtime    Last Run               Last # of DB Queries
----------------------------------  -----  ---------  --------  ----------  --------------  -------------------  ----------------------
/opt/airflow/dags/immoeliza_dag.py                           1           0  0.34s           2025-11-20T10:44:26                      12
================================================================================
[2025-11-20T10:45:25.103+0000] {manager.py:997} INFO - 
================================================================================
DAG File Processing Stats

File Path                           PID    Runtime      # DAGs    # Errors  Last Runtime    Last Run               Last # of DB Queries
----------------------------------  -----  ---------  --------  ----------  --------------  -------------------  ----------------------
/opt/airflow/dags/immoeliza_dag.py                           1           0  0.15s           2025-11-20T10:44:57                      12
================================================================================
[2025-11-20T10:45:55.534+0000] {manager.py:997} INFO - 
================================================================================
DAG File Processing Stats

File Path                           PID    Runtime      # DAGs    # Errors  Last Runtime    Last Run               Last # of DB Queries
----------------------------------  -----  ---------  --------  ----------  --------------  -------------------  ----------------------
/opt/airflow/dags/immoeliza_dag.py                           1           0  0.26s           2025-11-20T10:45:27                      12
================================================================================
[2025-11-20T10:46:26.208+0000] {manager.py:997} INFO - 
================================================================================
DAG File Processing Stats

File Path                           PID    Runtime      # DAGs    # Errors  Last Runtime    Last Run               Last # of DB Queries
----------------------------------  -----  ---------  --------  ----------  --------------  -------------------  ----------------------
/opt/airflow/dags/immoeliza_dag.py                           1           0  0.32s           2025-11-20T10:45:57                      12
================================================================================
[2025-11-20T10:46:56.761+0000] {manager.py:997} INFO - 
================================================================================
DAG File Processing Stats

File Path                           PID    Runtime      # DAGs    # Errors  Last Runtime    Last Run               Last # of DB Queries
----------------------------------  -----  ---------  --------  ----------  --------------  -------------------  ----------------------
/opt/airflow/dags/immoeliza_dag.py                           1           0  2.61s           2025-11-20T10:46:30                      12
================================================================================
[2025-11-20T10:47:11.591+0000] {manager.py:821} INFO - Searching for files in /opt/airflow/dags
[2025-11-20T10:47:11.626+0000] {manager.py:824} INFO - There are 1 files in /opt/airflow/dags
[2025-11-20T10:47:26.774+0000] {manager.py:997} INFO - 
================================================================================
DAG File Processing Stats

File Path                           PID    Runtime      # DAGs    # Errors  Last Runtime    Last Run               Last # of DB Queries
----------------------------------  -----  ---------  --------  ----------  --------------  -------------------  ----------------------
/opt/airflow/dags/immoeliza_dag.py                           1           0  1.30s           2025-11-20T10:47:02                      12
================================================================================
[2025-11-20T10:47:57.098+0000] {manager.py:997} INFO - 
================================================================================
DAG File Processing Stats

File Path                           PID    Runtime      # DAGs    # Errors  Last Runtime    Last Run               Last # of DB Queries
----------------------------------  -----  ---------  --------  ----------  --------------  -------------------  ----------------------
/opt/airflow/dags/immoeliza_dag.py                           1           0  1.17s           2025-11-20T10:47:34                      12
================================================================================
[2025-11-20T10:48:27.476+0000] {manager.py:997} INFO - 
================================================================================
DAG File Processing Stats

File Path                           PID    Runtime      # DAGs    # Errors  Last Runtime    Last Run               Last # of DB Queries
----------------------------------  -----  ---------  --------  ----------  --------------  -------------------  ----------------------
/opt/airflow/dags/immoeliza_dag.py                           1           0  0.25s           2025-11-20T10:48:04                      12
================================================================================
[2025-11-20T10:48:57.896+0000] {manager.py:997} INFO - 
================================================================================
DAG File Processing Stats

File Path                           PID    Runtime      # DAGs    # Errors  Last Runtime    Last Run               Last # of DB Queries
----------------------------------  -----  ---------  --------  ----------  --------------  -------------------  ----------------------
/opt/airflow/dags/immoeliza_dag.py                           1           0  0.35s           2025-11-20T10:48:34                      12
================================================================================
[2025-11-20T10:49:28.067+0000] {manager.py:997} INFO - 
================================================================================
DAG File Processing Stats

File Path                           PID    Runtime      # DAGs    # Errors  Last Runtime    Last Run               Last # of DB Queries
----------------------------------  -----  ---------  --------  ----------  --------------  -------------------  ----------------------
/opt/airflow/dags/immoeliza_dag.py                           1           0  0.92s           2025-11-20T10:49:05                      12
================================================================================
[2025-11-20T10:49:58.547+0000] {manager.py:997} INFO - 
================================================================================
DAG File Processing Stats

File Path                           PID    Runtime      # DAGs    # Errors  Last Runtime    Last Run               Last # of DB Queries
----------------------------------  -----  ---------  --------  ----------  --------------  -------------------  ----------------------
/opt/airflow/dags/immoeliza_dag.py                           1           0  0.40s           2025-11-20T10:49:36                      12
================================================================================
[2025-11-20T10:50:28.918+0000] {manager.py:997} INFO - 
================================================================================
DAG File Processing Stats

File Path                           PID    Runtime      # DAGs    # Errors  Last Runtime    Last Run               Last # of DB Queries
----------------------------------  -----  ---------  --------  ----------  --------------  -------------------  ----------------------
/opt/airflow/dags/immoeliza_dag.py                           1           0  0.39s           2025-11-20T10:50:07                      12
================================================================================
[2025-11-20T10:50:58.942+0000] {manager.py:997} INFO - 
================================================================================
DAG File Processing Stats

File Path                           PID    Runtime      # DAGs    # Errors  Last Runtime    Last Run               Last # of DB Queries
----------------------------------  -----  ---------  --------  ----------  --------------  -------------------  ----------------------
/opt/airflow/dags/immoeliza_dag.py                           1           0  0.37s           2025-11-20T10:50:37                      12
================================================================================
[2025-11-20T10:51:29.185+0000] {manager.py:997} INFO - 
================================================================================
DAG File Processing Stats

File Path                           PID    Runtime      # DAGs    # Errors  Last Runtime    Last Run               Last # of DB Queries
----------------------------------  -----  ---------  --------  ----------  --------------  -------------------  ----------------------
/opt/airflow/dags/immoeliza_dag.py                           1           0  0.17s           2025-11-20T10:51:08                      12
================================================================================
[2025-11-20T10:51:59.573+0000] {manager.py:997} INFO - 
================================================================================
DAG File Processing Stats

File Path                           PID    Runtime      # DAGs    # Errors  Last Runtime    Last Run               Last # of DB Queries
----------------------------------  -----  ---------  --------  ----------  --------------  -------------------  ----------------------
/opt/airflow/dags/immoeliza_dag.py                           1           0  0.19s           2025-11-20T10:51:38                      12
================================================================================
[2025-11-20T10:52:11.696+0000] {manager.py:821} INFO - Searching for files in /opt/airflow/dags
[2025-11-20T10:52:11.758+0000] {manager.py:824} INFO - There are 1 files in /opt/airflow/dags
[2025-11-20T10:52:29.948+0000] {manager.py:997} INFO - 
================================================================================
DAG File Processing Stats

File Path                           PID    Runtime      # DAGs    # Errors  Last Runtime    Last Run               Last # of DB Queries
----------------------------------  -----  ---------  --------  ----------  --------------  -------------------  ----------------------
/opt/airflow/dags/immoeliza_dag.py                           1           0  0.40s           2025-11-20T10:52:09                      12
================================================================================
[2025-11-20T10:52:52.488+0000] {manager.py:465} INFO - Exiting gracefully upon receiving signal 15
[2025-11-20T10:53:14.897+0000] {manager.py:483} INFO - Processing files using up to 2 processes at a time 
[2025-11-20T10:53:14.899+0000] {manager.py:484} INFO - Process each file at most once every 30 seconds
[2025-11-20T10:53:14.899+0000] {manager.py:485} INFO - Checking for new files in /opt/airflow/dags every 300 seconds
[2025-11-20T10:53:14.900+0000] {manager.py:821} INFO - Searching for files in /opt/airflow/dags
[2025-11-20T10:53:14.934+0000] {manager.py:824} INFO - There are 1 files in /opt/airflow/dags
[2025-11-20T10:53:15.245+0000] {manager.py:997} INFO - 
================================================================================
DAG File Processing Stats

File Path                             PID  Runtime      # DAGs    # Errors  Last Runtime    Last Run      Last # of DB Queries
----------------------------------  -----  ---------  --------  ----------  --------------  ----------  ----------------------
/opt/airflow/dags/immoeliza_dag.py    171  0.07s             0           0                                                   0
================================================================================
[2025-11-20T10:53:45.504+0000] {manager.py:997} INFO - 
================================================================================
DAG File Processing Stats

File Path                             PID  Runtime      # DAGs    # Errors  Last Runtime    Last Run               Last # of DB Queries
----------------------------------  -----  ---------  --------  ----------  --------------  -------------------  ----------------------
/opt/airflow/dags/immoeliza_dag.py    179  0.01s             1           0  0.25s           2025-11-20T10:53:15                      12
================================================================================
[2025-11-20T10:54:15.931+0000] {manager.py:997} INFO - 
================================================================================
DAG File Processing Stats

File Path                             PID  Runtime      # DAGs    # Errors  Last Runtime    Last Run               Last # of DB Queries
----------------------------------  -----  ---------  --------  ----------  --------------  -------------------  ----------------------
/opt/airflow/dags/immoeliza_dag.py    184  0.01s             1           0  0.20s           2025-11-20T10:53:45                      12
================================================================================
[2025-11-20T10:54:46.198+0000] {manager.py:997} INFO - 
================================================================================
DAG File Processing Stats

File Path                             PID  Runtime      # DAGs    # Errors  Last Runtime    Last Run               Last # of DB Queries
----------------------------------  -----  ---------  --------  ----------  --------------  -------------------  ----------------------
/opt/airflow/dags/immoeliza_dag.py    189  0.01s             1           0  0.17s           2025-11-20T10:54:16                      12
================================================================================
[2025-11-20T10:55:16.587+0000] {manager.py:997} INFO - 
================================================================================
DAG File Processing Stats

File Path                             PID  Runtime      # DAGs    # Errors  Last Runtime    Last Run               Last # of DB Queries
----------------------------------  -----  ---------  --------  ----------  --------------  -------------------  ----------------------
/opt/airflow/dags/immoeliza_dag.py    197  0.01s             1           0  0.17s           2025-11-20T10:54:46                      12
================================================================================
[2025-11-20T10:55:46.906+0000] {manager.py:997} INFO - 
================================================================================
DAG File Processing Stats

File Path                             PID  Runtime      # DAGs    # Errors  Last Runtime    Last Run               Last # of DB Queries
----------------------------------  -----  ---------  --------  ----------  --------------  -------------------  ----------------------
/opt/airflow/dags/immoeliza_dag.py    202  0.02s             1           0  0.17s           2025-11-20T10:55:16                      12
================================================================================
[2025-11-20T10:56:17.302+0000] {manager.py:997} INFO - 
================================================================================
DAG File Processing Stats

File Path                             PID  Runtime      # DAGs    # Errors  Last Runtime    Last Run               Last # of DB Queries
----------------------------------  -----  ---------  --------  ----------  --------------  -------------------  ----------------------
/opt/airflow/dags/immoeliza_dag.py    207  0.00s             1           0  0.34s           2025-11-20T10:55:47                      12
================================================================================
[2025-11-20T10:56:47.520+0000] {manager.py:997} INFO - 
================================================================================
DAG File Processing Stats

File Path                             PID  Runtime      # DAGs    # Errors  Last Runtime    Last Run               Last # of DB Queries
----------------------------------  -----  ---------  --------  ----------  --------------  -------------------  ----------------------
/opt/airflow/dags/immoeliza_dag.py    212  0.01s             1           0  0.15s           2025-11-20T10:56:17                      12
================================================================================
[2025-11-20T10:57:17.899+0000] {manager.py:997} INFO - 
================================================================================
DAG File Processing Stats

File Path                             PID  Runtime      # DAGs    # Errors  Last Runtime    Last Run               Last # of DB Queries
----------------------------------  -----  ---------  --------  ----------  --------------  -------------------  ----------------------
/opt/airflow/dags/immoeliza_dag.py    217  0.01s             1           0  0.15s           2025-11-20T10:56:47                      12
================================================================================
[2025-11-20T10:57:48.126+0000] {manager.py:997} INFO - 
================================================================================
DAG File Processing Stats

File Path                           PID    Runtime      # DAGs    # Errors  Last Runtime    Last Run               Last # of DB Queries
----------------------------------  -----  ---------  --------  ----------  --------------  -------------------  ----------------------
/opt/airflow/dags/immoeliza_dag.py                           1           0  0.39s           2025-11-20T10:57:18                      12
================================================================================
[2025-11-20T10:58:14.982+0000] {manager.py:821} INFO - Searching for files in /opt/airflow/dags
[2025-11-20T10:58:15.006+0000] {manager.py:824} INFO - There are 1 files in /opt/airflow/dags
[2025-11-20T10:58:18.718+0000] {manager.py:997} INFO - 
================================================================================
DAG File Processing Stats

File Path                           PID    Runtime      # DAGs    # Errors  Last Runtime    Last Run               Last # of DB Queries
----------------------------------  -----  ---------  --------  ----------  --------------  -------------------  ----------------------
/opt/airflow/dags/immoeliza_dag.py                           1           0  1.32s           2025-11-20T10:57:49                      12
================================================================================
[2025-11-20T10:58:49.312+0000] {manager.py:997} INFO - 
================================================================================
DAG File Processing Stats

File Path                           PID    Runtime      # DAGs    # Errors  Last Runtime    Last Run               Last # of DB Queries
----------------------------------  -----  ---------  --------  ----------  --------------  -------------------  ----------------------
/opt/airflow/dags/immoeliza_dag.py                           1           0  0.17s           2025-11-20T10:58:20                      12
================================================================================
[2025-11-20T10:59:19.662+0000] {manager.py:997} INFO - 
================================================================================
DAG File Processing Stats

File Path                           PID    Runtime      # DAGs    # Errors  Last Runtime    Last Run               Last # of DB Queries
----------------------------------  -----  ---------  --------  ----------  --------------  -------------------  ----------------------
/opt/airflow/dags/immoeliza_dag.py                           1           0  0.15s           2025-11-20T10:58:50                      12
================================================================================
[2025-11-20T10:59:49.920+0000] {manager.py:997} INFO - 
================================================================================
DAG File Processing Stats

File Path                           PID    Runtime      # DAGs    # Errors  Last Runtime    Last Run               Last # of DB Queries
----------------------------------  -----  ---------  --------  ----------  --------------  -------------------  ----------------------
/opt/airflow/dags/immoeliza_dag.py                           1           0  0.17s           2025-11-20T10:59:20                      12
================================================================================
[2025-11-20T11:00:20.299+0000] {manager.py:997} INFO - 
================================================================================
DAG File Processing Stats

File Path                           PID    Runtime      # DAGs    # Errors  Last Runtime    Last Run               Last # of DB Queries
----------------------------------  -----  ---------  --------  ----------  --------------  -------------------  ----------------------
/opt/airflow/dags/immoeliza_dag.py                           1           0  0.55s           2025-11-20T10:59:51                      12
================================================================================
[2025-11-20T11:00:50.515+0000] {manager.py:997} INFO - 
================================================================================
DAG File Processing Stats

File Path                           PID    Runtime      # DAGs    # Errors  Last Runtime    Last Run               Last # of DB Queries
----------------------------------  -----  ---------  --------  ----------  --------------  -------------------  ----------------------
/opt/airflow/dags/immoeliza_dag.py                           1           0  0.64s           2025-11-20T11:00:22                      12
================================================================================
[2025-11-20T11:01:20.928+0000] {manager.py:997} INFO - 
================================================================================
DAG File Processing Stats

File Path                           PID    Runtime      # DAGs    # Errors  Last Runtime    Last Run               Last # of DB Queries
----------------------------------  -----  ---------  --------  ----------  --------------  -------------------  ----------------------
/opt/airflow/dags/immoeliza_dag.py                           1           0  0.22s           2025-11-20T11:01:19                      12
================================================================================
[2025-11-20T11:01:51.262+0000] {manager.py:997} INFO - 
================================================================================
DAG File Processing Stats

File Path                           PID    Runtime      # DAGs    # Errors  Last Runtime    Last Run               Last # of DB Queries
----------------------------------  -----  ---------  --------  ----------  --------------  -------------------  ----------------------
/opt/airflow/dags/immoeliza_dag.py                           1           0  0.19s           2025-11-20T11:01:49                      12
================================================================================
[2025-11-20T11:02:21.568+0000] {manager.py:997} INFO - 
================================================================================
DAG File Processing Stats

File Path                           PID    Runtime      # DAGs    # Errors  Last Runtime    Last Run               Last # of DB Queries
----------------------------------  -----  ---------  --------  ----------  --------------  -------------------  ----------------------
/opt/airflow/dags/immoeliza_dag.py                           1           0  0.18s           2025-11-20T11:02:19                      12
================================================================================
[2025-11-20T11:02:51.888+0000] {manager.py:997} INFO - 
================================================================================
DAG File Processing Stats

File Path                           PID    Runtime      # DAGs    # Errors  Last Runtime    Last Run               Last # of DB Queries
----------------------------------  -----  ---------  --------  ----------  --------------  -------------------  ----------------------
/opt/airflow/dags/immoeliza_dag.py                           1           0  0.36s           2025-11-20T11:02:50                      12
================================================================================
[2025-11-20T11:03:15.054+0000] {manager.py:821} INFO - Searching for files in /opt/airflow/dags
[2025-11-20T11:03:15.080+0000] {manager.py:824} INFO - There are 1 files in /opt/airflow/dags
[2025-11-20T11:03:22.398+0000] {manager.py:997} INFO - 
================================================================================
DAG File Processing Stats

File Path                           PID    Runtime      # DAGs    # Errors  Last Runtime    Last Run               Last # of DB Queries
----------------------------------  -----  ---------  --------  ----------  --------------  -------------------  ----------------------
/opt/airflow/dags/immoeliza_dag.py                           1           0  0.36s           2025-11-20T11:03:20                      12
================================================================================
[2025-11-20T11:03:52.991+0000] {manager.py:997} INFO - 
================================================================================
DAG File Processing Stats

File Path                           PID    Runtime      # DAGs    # Errors  Last Runtime    Last Run               Last # of DB Queries
----------------------------------  -----  ---------  --------  ----------  --------------  -------------------  ----------------------
/opt/airflow/dags/immoeliza_dag.py                           1           0  0.16s           2025-11-20T11:03:51                      12
================================================================================
[2025-11-20T11:04:23.354+0000] {manager.py:997} INFO - 
================================================================================
DAG File Processing Stats

File Path                           PID    Runtime      # DAGs    # Errors  Last Runtime    Last Run               Last # of DB Queries
----------------------------------  -----  ---------  --------  ----------  --------------  -------------------  ----------------------
/opt/airflow/dags/immoeliza_dag.py                           1           0  0.17s           2025-11-20T11:04:21                      12
================================================================================
[2025-11-20T11:04:53.608+0000] {manager.py:997} INFO - 
================================================================================
DAG File Processing Stats

File Path                           PID    Runtime      # DAGs    # Errors  Last Runtime    Last Run               Last # of DB Queries
----------------------------------  -----  ---------  --------  ----------  --------------  -------------------  ----------------------
/opt/airflow/dags/immoeliza_dag.py                           1           0  0.17s           2025-11-20T11:04:51                      12
================================================================================
[2025-11-20T11:05:23.992+0000] {manager.py:997} INFO - 
================================================================================
DAG File Processing Stats

File Path                           PID    Runtime      # DAGs    # Errors  Last Runtime    Last Run               Last # of DB Queries
----------------------------------  -----  ---------  --------  ----------  --------------  -------------------  ----------------------
/opt/airflow/dags/immoeliza_dag.py                           1           0  0.15s           2025-11-20T11:05:21                      12
================================================================================
[2025-11-20T11:05:54.265+0000] {manager.py:997} INFO - 
================================================================================
DAG File Processing Stats

File Path                           PID    Runtime      # DAGs    # Errors  Last Runtime    Last Run               Last # of DB Queries
----------------------------------  -----  ---------  --------  ----------  --------------  -------------------  ----------------------
/opt/airflow/dags/immoeliza_dag.py                           1           0  0.36s           2025-11-20T11:05:52                      12
================================================================================
[2025-11-20T11:06:24.437+0000] {manager.py:997} INFO - 
================================================================================
DAG File Processing Stats

File Path                           PID    Runtime      # DAGs    # Errors  Last Runtime    Last Run               Last # of DB Queries
----------------------------------  -----  ---------  --------  ----------  --------------  -------------------  ----------------------
/opt/airflow/dags/immoeliza_dag.py                           1           0  0.56s           2025-11-20T11:06:23                      12
================================================================================
[2025-11-20T11:06:54.650+0000] {manager.py:997} INFO - 
================================================================================
DAG File Processing Stats

File Path                           PID    Runtime      # DAGs    # Errors  Last Runtime    Last Run               Last # of DB Queries
----------------------------------  -----  ---------  --------  ----------  --------------  -------------------  ----------------------
/opt/airflow/dags/immoeliza_dag.py                           1           0  0.16s           2025-11-20T11:06:53                      12
================================================================================
[2025-11-20T11:07:25.014+0000] {manager.py:997} INFO - 
================================================================================
DAG File Processing Stats

File Path                           PID    Runtime      # DAGs    # Errors  Last Runtime    Last Run               Last # of DB Queries
----------------------------------  -----  ---------  --------  ----------  --------------  -------------------  ----------------------
/opt/airflow/dags/immoeliza_dag.py                           1           0  0.16s           2025-11-20T11:07:24                      12
================================================================================
[2025-11-20T11:07:55.249+0000] {manager.py:997} INFO - 
================================================================================
DAG File Processing Stats

File Path                           PID    Runtime      # DAGs    # Errors  Last Runtime    Last Run               Last # of DB Queries
----------------------------------  -----  ---------  --------  ----------  --------------  -------------------  ----------------------
/opt/airflow/dags/immoeliza_dag.py                           1           0  0.14s           2025-11-20T11:07:54                      12
================================================================================
[2025-11-20T11:08:15.382+0000] {manager.py:821} INFO - Searching for files in /opt/airflow/dags
[2025-11-20T11:08:15.405+0000] {manager.py:824} INFO - There are 1 files in /opt/airflow/dags
[2025-11-20T11:08:25.572+0000] {manager.py:997} INFO - 
================================================================================
DAG File Processing Stats

File Path                           PID    Runtime      # DAGs    # Errors  Last Runtime    Last Run               Last # of DB Queries
----------------------------------  -----  ---------  --------  ----------  --------------  -------------------  ----------------------
/opt/airflow/dags/immoeliza_dag.py                           1           0  0.33s           2025-11-20T11:08:24                      12
================================================================================
[2025-11-20T11:08:56.038+0000] {manager.py:997} INFO - 
================================================================================
DAG File Processing Stats

File Path                           PID    Runtime      # DAGs    # Errors  Last Runtime    Last Run               Last # of DB Queries
----------------------------------  -----  ---------  --------  ----------  --------------  -------------------  ----------------------
/opt/airflow/dags/immoeliza_dag.py                           1           0  0.33s           2025-11-20T11:08:55                      12
================================================================================
[2025-11-20T11:09:26.581+0000] {manager.py:997} INFO - 
================================================================================
DAG File Processing Stats

File Path                           PID    Runtime      # DAGs    # Errors  Last Runtime    Last Run               Last # of DB Queries
----------------------------------  -----  ---------  --------  ----------  --------------  -------------------  ----------------------
/opt/airflow/dags/immoeliza_dag.py                           1           0  0.36s           2025-11-20T11:09:25                      12
================================================================================
[2025-11-20T11:09:57.170+0000] {manager.py:997} INFO - 
================================================================================
DAG File Processing Stats

File Path                           PID    Runtime      # DAGs    # Errors  Last Runtime    Last Run               Last # of DB Queries
----------------------------------  -----  ---------  --------  ----------  --------------  -------------------  ----------------------
/opt/airflow/dags/immoeliza_dag.py                           1           0  0.16s           2025-11-20T11:09:56                      12
================================================================================
[2025-11-20T11:10:27.512+0000] {manager.py:997} INFO - 
================================================================================
DAG File Processing Stats

File Path                           PID    Runtime      # DAGs    # Errors  Last Runtime    Last Run               Last # of DB Queries
----------------------------------  -----  ---------  --------  ----------  --------------  -------------------  ----------------------
/opt/airflow/dags/immoeliza_dag.py                           1           0  0.17s           2025-11-20T11:10:26                      12
================================================================================
[2025-11-20T11:10:57.762+0000] {manager.py:997} INFO - 
================================================================================
DAG File Processing Stats

File Path                           PID    Runtime      # DAGs    # Errors  Last Runtime    Last Run               Last # of DB Queries
----------------------------------  -----  ---------  --------  ----------  --------------  -------------------  ----------------------
/opt/airflow/dags/immoeliza_dag.py                           1           0  0.14s           2025-11-20T11:10:56                      12
================================================================================
[2025-11-20T11:11:28.070+0000] {manager.py:997} INFO - 
================================================================================
DAG File Processing Stats

File Path                           PID    Runtime      # DAGs    # Errors  Last Runtime    Last Run               Last # of DB Queries
----------------------------------  -----  ---------  --------  ----------  --------------  -------------------  ----------------------
/opt/airflow/dags/immoeliza_dag.py                           1           0  0.34s           2025-11-20T11:11:27                      12
================================================================================
[2025-11-20T11:11:58.518+0000] {manager.py:997} INFO - 
================================================================================
DAG File Processing Stats

File Path                           PID    Runtime      # DAGs    # Errors  Last Runtime    Last Run               Last # of DB Queries
----------------------------------  -----  ---------  --------  ----------  --------------  -------------------  ----------------------
/opt/airflow/dags/immoeliza_dag.py                           1           0  0.33s           2025-11-20T11:11:57                      12
================================================================================
[2025-11-20T11:12:29.067+0000] {manager.py:997} INFO - 
================================================================================
DAG File Processing Stats

File Path                           PID    Runtime      # DAGs    # Errors  Last Runtime    Last Run               Last # of DB Queries
----------------------------------  -----  ---------  --------  ----------  --------------  -------------------  ----------------------
/opt/airflow/dags/immoeliza_dag.py                           1           0  0.14s           2025-11-20T11:12:28                      12
================================================================================
[2025-11-20T11:12:59.398+0000] {manager.py:997} INFO - 
================================================================================
DAG File Processing Stats

File Path                           PID    Runtime      # DAGs    # Errors  Last Runtime    Last Run               Last # of DB Queries
----------------------------------  -----  ---------  --------  ----------  --------------  -------------------  ----------------------
/opt/airflow/dags/immoeliza_dag.py                           1           0  0.15s           2025-11-20T11:12:58                      12
================================================================================
[2025-11-20T11:13:15.505+0000] {manager.py:821} INFO - Searching for files in /opt/airflow/dags
[2025-11-20T11:13:15.534+0000] {manager.py:824} INFO - There are 1 files in /opt/airflow/dags
[2025-11-20T11:13:29.668+0000] {manager.py:997} INFO - 
================================================================================
DAG File Processing Stats

File Path                           PID    Runtime      # DAGs    # Errors  Last Runtime    Last Run               Last # of DB Queries
----------------------------------  -----  ---------  --------  ----------  --------------  -------------------  ----------------------
/opt/airflow/dags/immoeliza_dag.py                           1           0  0.16s           2025-11-20T11:13:28                      12
================================================================================
[2025-11-20T11:14:00.016+0000] {manager.py:997} INFO - 
================================================================================
DAG File Processing Stats

File Path                           PID    Runtime      # DAGs    # Errors  Last Runtime    Last Run               Last # of DB Queries
----------------------------------  -----  ---------  --------  ----------  --------------  -------------------  ----------------------
/opt/airflow/dags/immoeliza_dag.py                           1           0  0.32s           2025-11-20T11:13:59                      12
================================================================================
[2025-11-20T11:14:30.410+0000] {manager.py:997} INFO - 
================================================================================
DAG File Processing Stats

File Path                           PID    Runtime      # DAGs    # Errors  Last Runtime    Last Run               Last # of DB Queries
----------------------------------  -----  ---------  --------  ----------  --------------  -------------------  ----------------------
/opt/airflow/dags/immoeliza_dag.py                           1           0  0.32s           2025-11-20T11:14:29                      12
================================================================================
[2025-11-20T11:15:00.749+0000] {manager.py:997} INFO - 
================================================================================
DAG File Processing Stats

File Path                           PID    Runtime      # DAGs    # Errors  Last Runtime    Last Run               Last # of DB Queries
----------------------------------  -----  ---------  --------  ----------  --------------  -------------------  ----------------------
/opt/airflow/dags/immoeliza_dag.py                           1           0  0.32s           2025-11-20T11:14:59                      12
================================================================================
[2025-11-20T11:15:30.982+0000] {manager.py:997} INFO - 
================================================================================
DAG File Processing Stats

File Path                           PID    Runtime      # DAGs    # Errors  Last Runtime    Last Run               Last # of DB Queries
----------------------------------  -----  ---------  --------  ----------  --------------  -------------------  ----------------------
/opt/airflow/dags/immoeliza_dag.py                           1           0  0.15s           2025-11-20T11:15:30                      12
================================================================================
[2025-11-20T11:16:01.320+0000] {manager.py:997} INFO - 
================================================================================
DAG File Processing Stats

File Path                           PID    Runtime      # DAGs    # Errors  Last Runtime    Last Run               Last # of DB Queries
----------------------------------  -----  ---------  --------  ----------  --------------  -------------------  ----------------------
/opt/airflow/dags/immoeliza_dag.py                           1           0  0.15s           2025-11-20T11:16:00                      12
================================================================================
[2025-11-20T11:16:31.555+0000] {manager.py:997} INFO - 
================================================================================
DAG File Processing Stats

File Path                           PID    Runtime      # DAGs    # Errors  Last Runtime    Last Run               Last # of DB Queries
----------------------------------  -----  ---------  --------  ----------  --------------  -------------------  ----------------------
/opt/airflow/dags/immoeliza_dag.py                           1           0  0.14s           2025-11-20T11:16:30                      12
================================================================================
[2025-11-20T11:17:01.877+0000] {manager.py:997} INFO - 
================================================================================
DAG File Processing Stats

File Path                           PID    Runtime      # DAGs    # Errors  Last Runtime    Last Run               Last # of DB Queries
----------------------------------  -----  ---------  --------  ----------  --------------  -------------------  ----------------------
/opt/airflow/dags/immoeliza_dag.py                           1           0  0.35s           2025-11-20T11:17:01                      12
================================================================================
