[2025-11-20T11:50:25.204+0000] {local_task_job_runner.py:123} INFO - ::group::Pre task execution logs
[2025-11-20T11:50:25.221+0000] {taskinstance.py:2613} INFO - Dependencies all met for dep_context=non-requeueable deps ti=<TaskInstance: immoeliza_pipeline.cleanup_old_properties manual__2025-11-20T11:48:45.270531+00:00 [queued]>
[2025-11-20T11:50:25.229+0000] {taskinstance.py:2613} INFO - Dependencies all met for dep_context=requeueable deps ti=<TaskInstance: immoeliza_pipeline.cleanup_old_properties manual__2025-11-20T11:48:45.270531+00:00 [queued]>
[2025-11-20T11:50:25.230+0000] {taskinstance.py:2866} INFO - Starting attempt 1 of 2
[2025-11-20T11:50:25.245+0000] {taskinstance.py:2889} INFO - Executing <Task(DockerOperator): cleanup_old_properties> on 2025-11-20 11:48:45.270531+00:00
[2025-11-20T11:50:25.256+0000] {logging_mixin.py:190} WARNING - /home/***/.local/lib/python3.12/site-packages/***/task/task_runner/standard_task_runner.py:70 DeprecationWarning: This process (pid=773) is multi-threaded, use of fork() may lead to deadlocks in the child.
[2025-11-20T11:50:25.256+0000] {standard_task_runner.py:104} INFO - Running: ['***', 'tasks', 'run', 'immoeliza_pipeline', 'cleanup_old_properties', 'manual__2025-11-20T11:48:45.270531+00:00', '--job-id', '18', '--raw', '--subdir', 'DAGS_FOLDER/immoeliza_dag.py', '--cfg-path', '/tmp/tmpfny7brcy']
[2025-11-20T11:50:25.258+0000] {standard_task_runner.py:72} INFO - Started process 774 to run task
[2025-11-20T11:50:25.258+0000] {standard_task_runner.py:105} INFO - Job 18: Subtask cleanup_old_properties
[2025-11-20T11:50:25.322+0000] {task_command.py:467} INFO - Running <TaskInstance: immoeliza_pipeline.cleanup_old_properties manual__2025-11-20T11:48:45.270531+00:00 [running]> on host 3aa706c10241
[2025-11-20T11:50:25.423+0000] {taskinstance.py:3132} INFO - Exporting env vars: AIRFLOW_CTX_DAG_OWNER='***' AIRFLOW_CTX_DAG_ID='immoeliza_pipeline' AIRFLOW_CTX_TASK_ID='cleanup_old_properties' AIRFLOW_CTX_EXECUTION_DATE='2025-11-20T11:48:45.270531+00:00' AIRFLOW_CTX_TRY_NUMBER='1' AIRFLOW_CTX_DAG_RUN_ID='manual__2025-11-20T11:48:45.270531+00:00'
[2025-11-20T11:50:25.427+0000] {taskinstance.py:731} INFO - ::endgroup::
[2025-11-20T11:50:25.529+0000] {docker.py:367} INFO - Starting docker container from image immoeliza-***-scraper:latest
[2025-11-20T11:50:25.537+0000] {docker.py:375} WARNING - Using remote engine or docker-in-docker and mounting temporary volume from host is not supported. Falling back to `mount_tmp_dir=False` mode. You can set `mount_tmp_dir` parameter to False to disable mounting and remove the warning
[2025-11-20T11:50:27.808+0000] {docker.py:438} INFO - 2025-11-20 11:50:27,806 - INFO - Starting cleanup with parameters:
[2025-11-20T11:50:27.809+0000] {docker.py:438} INFO - 2025-11-20 11:50:27,806 - INFO -   Data file: /data/immovlan_scraped_data.csv
[2025-11-20T11:50:27.810+0000] {docker.py:438} INFO - 2025-11-20 11:50:27,806 - INFO -   Days threshold: 30
[2025-11-20T11:50:27.810+0000] {docker.py:438} INFO - 2025-11-20 11:50:27,806 - INFO -   Dry run: False
[2025-11-20T11:50:27.814+0000] {docker.py:438} INFO - 2025-11-20 11:50:27,813 - INFO - Cutoff date: 2025-10-21T11:50:27.813017
[2025-11-20T11:50:27.815+0000] {docker.py:438} INFO - 2025-11-20 11:50:27,814 - INFO - 
[2025-11-20T11:50:27.816+0000] {docker.py:438} INFO - === CLEANUP SUMMARY ===
[2025-11-20T11:50:27.816+0000] {docker.py:438} INFO - 2025-11-20 11:50:27,814 - INFO - Total properties before: 10
[2025-11-20T11:50:27.817+0000] {docker.py:438} INFO - 2025-11-20 11:50:27,814 - INFO - Properties to remove (not seen in 30 days): 0
[2025-11-20T11:50:27.818+0000] {docker.py:438} INFO - 2025-11-20 11:50:27,814 - INFO - Properties to keep: 10
[2025-11-20T11:50:27.819+0000] {docker.py:438} INFO - 2025-11-20 11:50:27,814 - INFO - 
[2025-11-20T11:50:27.819+0000] {docker.py:438} INFO - No properties to remove.
[2025-11-20T11:50:27.820+0000] {docker.py:438} INFO - 2025-11-20 11:50:27,814 - INFO - 
[2025-11-20T11:50:27.820+0000] {docker.py:438} INFO - Cleanup completed successfully!
[2025-11-20T11:50:28.218+0000] {taskinstance.py:340} INFO - ::group::Post task execution logs
[2025-11-20T11:50:28.219+0000] {taskinstance.py:352} INFO - Marking task as SUCCESS. dag_id=immoeliza_pipeline, task_id=cleanup_old_properties, run_id=manual__2025-11-20T11:48:45.270531+00:00, execution_date=20251120T114845, start_date=20251120T115025, end_date=20251120T115028
[2025-11-20T11:50:28.287+0000] {local_task_job_runner.py:266} INFO - Task exited with return code 0
[2025-11-20T11:50:28.325+0000] {taskinstance.py:3895} INFO - 1 downstream tasks scheduled from follow-on schedule check
[2025-11-20T11:50:28.328+0000] {local_task_job_runner.py:245} INFO - ::endgroup::
