[2025-11-20T11:50:29.467+0000] {local_task_job_runner.py:123} INFO - ::group::Pre task execution logs
[2025-11-20T11:50:29.485+0000] {taskinstance.py:2613} INFO - Dependencies all met for dep_context=non-requeueable deps ti=<TaskInstance: immoeliza_pipeline.run_model_training manual__2025-11-20T11:48:45.270531+00:00 [queued]>
[2025-11-20T11:50:29.494+0000] {taskinstance.py:2613} INFO - Dependencies all met for dep_context=requeueable deps ti=<TaskInstance: immoeliza_pipeline.run_model_training manual__2025-11-20T11:48:45.270531+00:00 [queued]>
[2025-11-20T11:50:29.495+0000] {taskinstance.py:2866} INFO - Starting attempt 1 of 2
[2025-11-20T11:50:29.508+0000] {taskinstance.py:2889} INFO - Executing <Task(DockerOperator): run_model_training> on 2025-11-20 11:48:45.270531+00:00
[2025-11-20T11:50:29.519+0000] {logging_mixin.py:190} WARNING - /home/***/.local/lib/python3.12/site-packages/***/task/task_runner/standard_task_runner.py:70 DeprecationWarning: This process (pid=776) is multi-threaded, use of fork() may lead to deadlocks in the child.
[2025-11-20T11:50:29.518+0000] {standard_task_runner.py:104} INFO - Running: ['***', 'tasks', 'run', 'immoeliza_pipeline', 'run_model_training', 'manual__2025-11-20T11:48:45.270531+00:00', '--job-id', '19', '--raw', '--subdir', 'DAGS_FOLDER/immoeliza_dag.py', '--cfg-path', '/tmp/tmp50qlg9g8']
[2025-11-20T11:50:29.521+0000] {standard_task_runner.py:72} INFO - Started process 777 to run task
[2025-11-20T11:50:29.521+0000] {standard_task_runner.py:105} INFO - Job 19: Subtask run_model_training
[2025-11-20T11:50:29.583+0000] {task_command.py:467} INFO - Running <TaskInstance: immoeliza_pipeline.run_model_training manual__2025-11-20T11:48:45.270531+00:00 [running]> on host 3aa706c10241
[2025-11-20T11:50:29.674+0000] {taskinstance.py:3132} INFO - Exporting env vars: AIRFLOW_CTX_DAG_OWNER='***' AIRFLOW_CTX_DAG_ID='immoeliza_pipeline' AIRFLOW_CTX_TASK_ID='run_model_training' AIRFLOW_CTX_EXECUTION_DATE='2025-11-20T11:48:45.270531+00:00' AIRFLOW_CTX_TRY_NUMBER='1' AIRFLOW_CTX_DAG_RUN_ID='manual__2025-11-20T11:48:45.270531+00:00'
[2025-11-20T11:50:29.676+0000] {taskinstance.py:731} INFO - ::endgroup::
[2025-11-20T11:50:29.781+0000] {docker.py:367} INFO - Starting docker container from image immoeliza-***-model-training:latest
[2025-11-20T11:50:29.791+0000] {docker.py:375} WARNING - Using remote engine or docker-in-docker and mounting temporary volume from host is not supported. Falling back to `mount_tmp_dir=False` mode. You can set `mount_tmp_dir` parameter to False to disable mounting and remove the warning
[2025-11-20T11:50:32.790+0000] {docker.py:438} INFO - 2025-11-20 11:50:32,788 - matplotlib.font_manager - INFO - generated new fontManager
[2025-11-20T11:50:36.791+0000] {docker.py:438} INFO - 2025-11-20 11:50:36,789 - ImmoEliza-Training - INFO - STARTING PRODUCTION TRAINING PIPELINE
[2025-11-20T11:50:36.792+0000] {docker.py:438} INFO - 2025-11-20 11:50:36,789 - ImmoEliza-Training - INFO - STEP 1: Analysis Preprocessing
[2025-11-20T11:50:36.792+0000] {docker.py:438} INFO - 2025-11-20 11:50:36,789 - analyse.Preprocessing - INFO - === Starting Analysis Preprocessing Pipeline ===
[2025-11-20T11:50:36.795+0000] {docker.py:438} INFO - 2025-11-20 11:50:36,794 - analyse.Preprocessing - INFO - Loaded dataset with shape: (10, 20)
[2025-11-20T11:50:36.796+0000] {docker.py:438} INFO - 2025-11-20 11:50:36,794 - analyse.Preprocessing - INFO - Columns: ['id', 'url', 'type', 'subtype', 'bedroomCount', 'province', 'locality', 'postCode', 'habitableSurface', 'buildingCondition', 'hasGarden', 'gardenSurface', 'hasTerrace', 'epcScore', 'price', 'hasParking', 'MunicipalityCleanName', 'region', 'price_square_meter', 'last_seen']
[2025-11-20T11:50:36.801+0000] {docker.py:438} INFO - 2025-11-20 11:50:36,800 - analyse.Preprocessing - INFO - Starting initial data cleaning...
[2025-11-20T11:50:36.802+0000] {docker.py:438} INFO - 2025-11-20 11:50:36,801 - analyse.Preprocessing - INFO - Removed 0 rows with missing price or postal code
[2025-11-20T11:50:36.803+0000] {docker.py:438} INFO - 2025-11-20 11:50:36,802 - analyse.Preprocessing - INFO - Removed price outliers, remaining rows: 10
[2025-11-20T11:50:36.804+0000] {docker.py:438} INFO - 2025-11-20 11:50:36,802 - analyse.Preprocessing - INFO - Removed surface outliers, remaining rows: 10
[2025-11-20T11:50:36.805+0000] {docker.py:438} INFO - 2025-11-20 11:50:36,803 - analyse.Preprocessing - INFO - Removed bedroom outliers, remaining rows: 10
[2025-11-20T11:50:36.806+0000] {docker.py:438} INFO - 2025-11-20 11:50:36,804 - analyse.Preprocessing - INFO - Handling missing values...
[2025-11-20T11:50:36.823+0000] {docker.py:438} INFO - 2025-11-20 11:50:36,821 - analyse.Preprocessing - INFO - Adding derived features...
[2025-11-20T11:50:36.828+0000] {docker.py:438} INFO - 2025-11-20 11:50:36,826 - analyse.Preprocessing - INFO - Applied ordinal encoding to building condition
[2025-11-20T11:50:36.829+0000] {docker.py:438} INFO - 2025-11-20 11:50:36,828 - analyse.Preprocessing - INFO - Applied ordinal encoding to EPC score
[2025-11-20T11:50:36.836+0000] {docker.py:438} INFO - 2025-11-20 11:50:36,835 - analyse.Preprocessing - INFO - Applied one-hot encoding to: ['province', 'subtype', 'type', 'region']
[2025-11-20T11:50:36.837+0000] {docker.py:438} INFO - 2025-11-20 11:50:36,835 - analyse.Preprocessing - INFO - Preparing data for analysis...
[2025-11-20T11:50:36.838+0000] {docker.py:438} INFO - 2025-11-20 11:50:36,836 - analyse.Preprocessing - INFO - Prepared analysis dataset with 25 columns
[2025-11-20T11:50:36.839+0000] {docker.py:438} INFO - 2025-11-20 11:50:36,836 - analyse.Preprocessing - INFO - Final shape: (10, 25)
[2025-11-20T11:50:36.845+0000] {docker.py:438} INFO - 2025-11-20 11:50:36,843 - analyse.Preprocessing - INFO - Analysis-ready data saved to: /app/analyse/processed_for_analysis.csv
[2025-11-20T11:50:36.846+0000] {docker.py:438} INFO - 2025-11-20 11:50:36,843 - ImmoEliza-Training - INFO - Analysis preprocessing complete. Output shape: (10, 25)
[2025-11-20T11:50:36.846+0000] {docker.py:438} INFO - 2025-11-20 11:50:36,843 - ImmoEliza-Training - INFO - STEP 2: Model Preprocessing
[2025-11-20T11:50:36.847+0000] {docker.py:438} INFO - 2025-11-20 11:50:36,843 - model.Preprocessing - INFO - === Starting Model Preprocessing Pipeline ===
[2025-11-20T11:50:36.847+0000] {docker.py:438} INFO - 2025-11-20 11:50:36,846 - model.Preprocessing - INFO - Loaded dataset with shape: (10, 20)
[2025-11-20T11:50:36.848+0000] {docker.py:438} INFO - 2025-11-20 11:50:36,846 - model.Preprocessing - INFO - Columns: ['id', 'url', 'type', 'subtype', 'bedroomCount', 'province', 'locality', 'postCode', 'habitableSurface', 'buildingCondition', 'hasGarden', 'gardenSurface', 'hasTerrace', 'epcScore', 'price', 'hasParking', 'MunicipalityCleanName', 'region', 'price_square_meter', 'last_seen']
[2025-11-20T11:50:36.849+0000] {docker.py:438} INFO - 2025-11-20 11:50:36,846 - model.Preprocessing - INFO - Starting model-specific data cleaning...
[2025-11-20T11:50:36.850+0000] {docker.py:438} INFO - 2025-11-20 11:50:36,847 - model.Preprocessing - INFO - Removed 0 rows with missing critical data
[2025-11-20T11:50:36.851+0000] {docker.py:438} INFO - 2025-11-20 11:50:36,848 - model.Preprocessing - INFO - Applied strict price filtering, remaining rows: 10
[2025-11-20T11:50:36.852+0000] {docker.py:438} INFO - 2025-11-20 11:50:36,849 - model.Preprocessing - INFO - Applied strict surface filtering, remaining rows: 10
[2025-11-20T11:50:36.852+0000] {docker.py:438} INFO - 2025-11-20 11:50:36,850 - model.Preprocessing - INFO - Applied bedroom filtering, remaining rows: 10
[2025-11-20T11:50:36.854+0000] {docker.py:438} INFO - 2025-11-20 11:50:36,852 - model.Preprocessing - INFO - Removed price/sqm outliers, remaining rows: 8
[2025-11-20T11:50:36.855+0000] {docker.py:438} INFO - 2025-11-20 11:50:36,853 - model.Preprocessing - INFO - Applied ordinal encoding to building condition
[2025-11-20T11:50:36.856+0000] {docker.py:438} INFO - 2025-11-20 11:50:36,854 - model.Preprocessing - INFO - Applied ordinal encoding to EPC score
[2025-11-20T11:50:36.857+0000] {docker.py:438} INFO - 2025-11-20 11:50:36,854 - model.Preprocessing - INFO - Preparing features for ML model...
[2025-11-20T11:50:36.863+0000] {docker.py:438} INFO - 2025-11-20 11:50:36,861 - model.Preprocessing - INFO - Selected 7 numeric and 6 categorical features
[2025-11-20T11:50:36.864+0000] {docker.py:438} INFO - 2025-11-20 11:50:36,861 - model.Preprocessing - INFO - Feature columns: ['habitableSurface', 'bedroomCount', 'postCode', 'hasGarden', 'gardenSurface', 'hasTerrace', 'hasParking', 'type', 'subtype', 'province', 'region', 'buildingCondition', 'epcScore']
[2025-11-20T11:50:36.865+0000] {docker.py:438} INFO - 2025-11-20 11:50:36,862 - model.Preprocessing - INFO - Encoding categorical columns: ['type', 'subtype', 'province', 'region']
[2025-11-20T11:50:36.871+0000] {docker.py:438} INFO - 2025-11-20 11:50:36,869 - model.Preprocessing - INFO - Final encoded shape: (8, 25)
[2025-11-20T11:50:36.875+0000] {docker.py:438} INFO - 2025-11-20 11:50:36,872 - model.Preprocessing - INFO - Train set shape: (6, 25)
[2025-11-20T11:50:36.876+0000] {docker.py:438} INFO - 2025-11-20 11:50:36,872 - model.Preprocessing - INFO - Test set shape: (2, 25)
[2025-11-20T11:50:36.879+0000] {docker.py:438} INFO - 2025-11-20 11:50:36,877 - model.Preprocessing - INFO - Fitted scaler on training data
[2025-11-20T11:50:36.885+0000] {docker.py:438} INFO - 2025-11-20 11:50:36,883 - model.Preprocessing - INFO - Saved scaler to /app/model/processed_data/scaler.pkl
[2025-11-20T11:50:36.886+0000] {docker.py:438} INFO - 2025-11-20 11:50:36,884 - model.Preprocessing - INFO - Saved feature columns to /app/model/processed_data/feature_columns.csv
[2025-11-20T11:50:36.887+0000] {docker.py:438} INFO - 2025-11-20 11:50:36,884 - model.Preprocessing - INFO - Model-ready data saved to: /app/model/processed_data
[2025-11-20T11:50:36.887+0000] {docker.py:438} INFO - 2025-11-20 11:50:36,884 - model.Preprocessing - INFO - Final feature count: 25
[2025-11-20T11:50:36.888+0000] {docker.py:438} INFO - 2025-11-20 11:50:36,884 - ImmoEliza-Training - INFO - Model preprocessing complete.
[2025-11-20T11:50:36.889+0000] {docker.py:438} INFO - 2025-11-20 11:50:36,885 - ImmoEliza-Training - INFO - Training set: (6, 25), Test set: (2, 25)
[2025-11-20T11:50:36.890+0000] {docker.py:438} INFO - 2025-11-20 11:50:36,885 - ImmoEliza-Training - INFO - STEP 3: Model Training
[2025-11-20T11:50:36.891+0000] {docker.py:438} INFO - 2025-11-20 11:50:36,885 - model.pipeline - INFO - Created 6 model pipelines
[2025-11-20T11:50:36.892+0000] {docker.py:438} INFO - 2025-11-20 11:50:36,886 - model.pipeline - INFO - Training and evaluating models...
[2025-11-20T11:50:36.892+0000] {docker.py:438} INFO - 2025-11-20 11:50:36,886 - model.pipeline - INFO - Training Linear Regression...
[2025-11-20T11:50:36.914+0000] {docker.py:438} INFO - /app/.venv/lib/python3.13/site-packages/sklearn/metrics/_regression.py:1283: UndefinedMetricWarning: R^2 score is not well-defined with less than two samples.
[2025-11-20T11:50:36.915+0000] {docker.py:438} INFO -   warnings.warn(msg, UndefinedMetricWarning)
[2025-11-20T11:50:36.924+0000] {docker.py:438} INFO - /app/.venv/lib/python3.13/site-packages/sklearn/metrics/_regression.py:1283: UndefinedMetricWarning: R^2 score is not well-defined with less than two samples.
[2025-11-20T11:50:36.925+0000] {docker.py:438} INFO -   warnings.warn(msg, UndefinedMetricWarning)
[2025-11-20T11:50:36.939+0000] {docker.py:438} INFO - /app/.venv/lib/python3.13/site-packages/sklearn/metrics/_regression.py:1283: UndefinedMetricWarning: R^2 score is not well-defined with less than two samples.
[2025-11-20T11:50:36.940+0000] {docker.py:438} INFO -   warnings.warn(msg, UndefinedMetricWarning)
[2025-11-20T11:50:36.947+0000] {docker.py:438} INFO - /app/.venv/lib/python3.13/site-packages/sklearn/metrics/_regression.py:1283: UndefinedMetricWarning: R^2 score is not well-defined with less than two samples.
[2025-11-20T11:50:36.948+0000] {docker.py:438} INFO -   warnings.warn(msg, UndefinedMetricWarning)
[2025-11-20T11:50:36.949+0000] {docker.py:438} INFO - 2025-11-20 11:50:36,945 - model.pipeline - INFO -   Linear Regression - Test R²: -38.7886, Test MAE: 51663
[2025-11-20T11:50:36.949+0000] {docker.py:438} INFO - 2025-11-20 11:50:36,946 - model.pipeline - INFO - Training Ridge Regression...
[2025-11-20T11:50:36.970+0000] {docker.py:438} INFO - /app/.venv/lib/python3.13/site-packages/sklearn/metrics/_regression.py:1283: UndefinedMetricWarning: R^2 score is not well-defined with less than two samples.
[2025-11-20T11:50:36.971+0000] {docker.py:438} INFO -   warnings.warn(msg, UndefinedMetricWarning)
[2025-11-20T11:50:36.976+0000] {docker.py:438} INFO - /app/.venv/lib/python3.13/site-packages/sklearn/metrics/_regression.py:1283: UndefinedMetricWarning: R^2 score is not well-defined with less than two samples.
[2025-11-20T11:50:36.977+0000] {docker.py:438} INFO -   warnings.warn(msg, UndefinedMetricWarning)
[2025-11-20T11:50:36.984+0000] {docker.py:438} INFO - /app/.venv/lib/python3.13/site-packages/sklearn/metrics/_regression.py:1283: UndefinedMetricWarning: R^2 score is not well-defined with less than two samples.
[2025-11-20T11:50:36.985+0000] {docker.py:438} INFO -   warnings.warn(msg, UndefinedMetricWarning)
[2025-11-20T11:50:36.991+0000] {docker.py:438} INFO - /app/.venv/lib/python3.13/site-packages/sklearn/metrics/_regression.py:1283: UndefinedMetricWarning: R^2 score is not well-defined with less than two samples.
[2025-11-20T11:50:36.991+0000] {docker.py:438} INFO -   warnings.warn(msg, UndefinedMetricWarning)
[2025-11-20T11:50:36.992+0000] {docker.py:438} INFO - 2025-11-20 11:50:36,989 - model.pipeline - INFO -   Ridge Regression - Test R²: -37.9039, Test MAE: 47329
[2025-11-20T11:50:36.993+0000] {docker.py:438} INFO - 2025-11-20 11:50:36,989 - model.pipeline - INFO - Training Random Forest...
[2025-11-20T11:50:37.284+0000] {docker.py:438} INFO - /app/.venv/lib/python3.13/site-packages/sklearn/metrics/_regression.py:1283: UndefinedMetricWarning: R^2 score is not well-defined with less than two samples.
[2025-11-20T11:50:37.285+0000] {docker.py:438} INFO -   warnings.warn(msg, UndefinedMetricWarning)
[2025-11-20T11:50:37.372+0000] {docker.py:438} INFO - /app/.venv/lib/python3.13/site-packages/sklearn/metrics/_regression.py:1283: UndefinedMetricWarning: R^2 score is not well-defined with less than two samples.
[2025-11-20T11:50:37.373+0000] {docker.py:438} INFO -   warnings.warn(msg, UndefinedMetricWarning)
[2025-11-20T11:50:37.455+0000] {docker.py:438} INFO - /app/.venv/lib/python3.13/site-packages/sklearn/metrics/_regression.py:1283: UndefinedMetricWarning: R^2 score is not well-defined with less than two samples.
[2025-11-20T11:50:37.456+0000] {docker.py:438} INFO -   warnings.warn(msg, UndefinedMetricWarning)
[2025-11-20T11:50:37.541+0000] {docker.py:438} INFO - /app/.venv/lib/python3.13/site-packages/sklearn/metrics/_regression.py:1283: UndefinedMetricWarning: R^2 score is not well-defined with less than two samples.
[2025-11-20T11:50:37.542+0000] {docker.py:438} INFO -   warnings.warn(msg, UndefinedMetricWarning)
[2025-11-20T11:50:37.542+0000] {docker.py:438} INFO - 2025-11-20 11:50:37,540 - model.pipeline - INFO -   Random Forest - Test R²: -32.8963, Test MAE: 57238
[2025-11-20T11:50:37.543+0000] {docker.py:438} INFO - 2025-11-20 11:50:37,540 - model.pipeline - INFO - Training Gradient Boosting...
[2025-11-20T11:50:37.676+0000] {docker.py:438} INFO - /app/.venv/lib/python3.13/site-packages/sklearn/metrics/_regression.py:1283: UndefinedMetricWarning: R^2 score is not well-defined with less than two samples.
[2025-11-20T11:50:37.676+0000] {docker.py:438} INFO -   warnings.warn(msg, UndefinedMetricWarning)
[2025-11-20T11:50:37.719+0000] {docker.py:438} INFO - /app/.venv/lib/python3.13/site-packages/sklearn/metrics/_regression.py:1283: UndefinedMetricWarning: R^2 score is not well-defined with less than two samples.
[2025-11-20T11:50:37.719+0000] {docker.py:438} INFO -   warnings.warn(msg, UndefinedMetricWarning)
[2025-11-20T11:50:37.761+0000] {docker.py:438} INFO - /app/.venv/lib/python3.13/site-packages/sklearn/metrics/_regression.py:1283: UndefinedMetricWarning: R^2 score is not well-defined with less than two samples.
[2025-11-20T11:50:37.762+0000] {docker.py:438} INFO -   warnings.warn(msg, UndefinedMetricWarning)
[2025-11-20T11:50:37.806+0000] {docker.py:438} INFO - /app/.venv/lib/python3.13/site-packages/sklearn/metrics/_regression.py:1283: UndefinedMetricWarning: R^2 score is not well-defined with less than two samples.
[2025-11-20T11:50:37.807+0000] {docker.py:438} INFO -   warnings.warn(msg, UndefinedMetricWarning)
[2025-11-20T11:50:37.807+0000] {docker.py:438} INFO - 2025-11-20 11:50:37,804 - model.pipeline - INFO -   Gradient Boosting - Test R²: -77.0012, Test MAE: 88037
[2025-11-20T11:50:37.808+0000] {docker.py:438} INFO - 2025-11-20 11:50:37,804 - model.pipeline - INFO - Training Polynomial Regression...
[2025-11-20T11:50:37.827+0000] {docker.py:438} INFO - /app/.venv/lib/python3.13/site-packages/sklearn/metrics/_regression.py:1283: UndefinedMetricWarning: R^2 score is not well-defined with less than two samples.
[2025-11-20T11:50:37.827+0000] {docker.py:438} INFO -   warnings.warn(msg, UndefinedMetricWarning)
[2025-11-20T11:50:37.833+0000] {docker.py:438} INFO - /app/.venv/lib/python3.13/site-packages/sklearn/metrics/_regression.py:1283: UndefinedMetricWarning: R^2 score is not well-defined with less than two samples.
[2025-11-20T11:50:37.834+0000] {docker.py:438} INFO -   warnings.warn(msg, UndefinedMetricWarning)
[2025-11-20T11:50:37.839+0000] {docker.py:438} INFO - /app/.venv/lib/python3.13/site-packages/sklearn/metrics/_regression.py:1283: UndefinedMetricWarning: R^2 score is not well-defined with less than two samples.
[2025-11-20T11:50:37.840+0000] {docker.py:438} INFO -   warnings.warn(msg, UndefinedMetricWarning)
[2025-11-20T11:50:37.845+0000] {docker.py:438} INFO - /app/.venv/lib/python3.13/site-packages/sklearn/metrics/_regression.py:1283: UndefinedMetricWarning: R^2 score is not well-defined with less than two samples.
[2025-11-20T11:50:37.846+0000] {docker.py:438} INFO -   warnings.warn(msg, UndefinedMetricWarning)
[2025-11-20T11:50:37.846+0000] {docker.py:438} INFO - 2025-11-20 11:50:37,844 - model.pipeline - INFO -   Polynomial Regression - Test R²: -42.6511, Test MAE: 65985
[2025-11-20T11:50:37.847+0000] {docker.py:438} INFO - 2025-11-20 11:50:37,844 - model.pipeline - INFO - Training XGBoost...
[2025-11-20T11:50:38.184+0000] {docker.py:438} INFO - /app/.venv/lib/python3.13/site-packages/sklearn/metrics/_regression.py:1283: UndefinedMetricWarning: R^2 score is not well-defined with less than two samples.
[2025-11-20T11:50:38.185+0000] {docker.py:438} INFO -   warnings.warn(msg, UndefinedMetricWarning)
[2025-11-20T11:50:38.288+0000] {docker.py:438} INFO - /app/.venv/lib/python3.13/site-packages/sklearn/metrics/_regression.py:1283: UndefinedMetricWarning: R^2 score is not well-defined with less than two samples.
[2025-11-20T11:50:38.289+0000] {docker.py:438} INFO -   warnings.warn(msg, UndefinedMetricWarning)
[2025-11-20T11:50:38.373+0000] {docker.py:438} INFO - /app/.venv/lib/python3.13/site-packages/sklearn/metrics/_regression.py:1283: UndefinedMetricWarning: R^2 score is not well-defined with less than two samples.
[2025-11-20T11:50:38.373+0000] {docker.py:438} INFO -   warnings.warn(msg, UndefinedMetricWarning)
[2025-11-20T11:50:38.456+0000] {docker.py:438} INFO - /app/.venv/lib/python3.13/site-packages/sklearn/metrics/_regression.py:1283: UndefinedMetricWarning: R^2 score is not well-defined with less than two samples.
[2025-11-20T11:50:38.456+0000] {docker.py:438} INFO -   warnings.warn(msg, UndefinedMetricWarning)
[2025-11-20T11:50:38.460+0000] {docker.py:438} INFO - 2025-11-20 11:50:38,455 - model.pipeline - INFO -   XGBoost - Test R²: -29.7577, Test MAE: 55443
[2025-11-20T11:50:38.461+0000] {docker.py:438} INFO - 2025-11-20 11:50:38,455 - model.pipeline - INFO - Best model: XGBoost with R² = -29.7577
[2025-11-20T11:50:38.462+0000] {docker.py:438} INFO - 2025-11-20 11:50:38,455 - ImmoEliza-Training - INFO - Model training complete. Best model: XGBoost
[2025-11-20T11:50:38.464+0000] {docker.py:438} INFO - 2025-11-20 11:50:38,463 - model.pipeline - INFO - Saved best model (XGBoost) to /app/model/trained_models/best_model.pkl
[2025-11-20T11:50:38.465+0000] {docker.py:438} INFO - 2025-11-20 11:50:38,464 - model.pipeline - INFO - Saved model metadata to /app/model/trained_models/model_metadata.csv
[2025-11-20T11:50:38.501+0000] {docker.py:438} INFO - 2025-11-20 11:50:38,498 - model.pipeline - INFO - Saved all models to /app/model/trained_models/all_models
[2025-11-20T11:50:38.503+0000] {docker.py:438} INFO - 2025-11-20 11:50:38,501 - model.pipeline - INFO - Saved detailed results to /app/model/trained_models/detailed_results.csv
[2025-11-20T11:50:38.503+0000] {docker.py:438} INFO - 2025-11-20 11:50:38,501 - ImmoEliza-Training - INFO - Models saved to /app/model/trained_models
[2025-11-20T11:50:38.504+0000] {docker.py:438} INFO - 2025-11-20 11:50:38,501 - ImmoEliza-Training - INFO - TRAINING PIPELINE COMPLETED SUCCESSFULLY
[2025-11-20T11:50:38.504+0000] {docker.py:438} INFO - <class 'pandas.core.frame.DataFrame'>
[2025-11-20T11:50:38.505+0000] {docker.py:438} INFO - RangeIndex: 10 entries, 0 to 9
[2025-11-20T11:50:38.505+0000] {docker.py:438} INFO - Data columns (total 20 columns):
[2025-11-20T11:50:38.506+0000] {docker.py:438} INFO -  #   Column                 Non-Null Count  Dtype  
[2025-11-20T11:50:38.506+0000] {docker.py:438} INFO - ---  ------                 --------------  -----  
[2025-11-20T11:50:38.507+0000] {docker.py:438} INFO -  0   id                     10 non-null     float64
[2025-11-20T11:50:38.507+0000] {docker.py:438} INFO -  1   url                    10 non-null     object 
[2025-11-20T11:50:38.507+0000] {docker.py:438} INFO -  2   type                   10 non-null     object 
[2025-11-20T11:50:38.508+0000] {docker.py:438} INFO -  3   subtype                10 non-null     object 
[2025-11-20T11:50:38.508+0000] {docker.py:438} INFO -  4   bedroomCount           10 non-null     float64
[2025-11-20T11:50:38.509+0000] {docker.py:438} INFO -  5   province               10 non-null     object 
[2025-11-20T11:50:38.509+0000] {docker.py:438} INFO -  6   locality               10 non-null     int64  
[2025-11-20T11:50:38.509+0000] {docker.py:438} INFO -  7   postCode               10 non-null     int64  
[2025-11-20T11:50:38.510+0000] {docker.py:438} INFO -  8   habitableSurface       10 non-null     float64
[2025-11-20T11:50:38.510+0000] {docker.py:438} INFO -  9   buildingCondition      1 non-null      object 
[2025-11-20T11:50:38.510+0000] {docker.py:438} INFO -  10  hasGarden              10 non-null     int64  
[2025-11-20T11:50:38.511+0000] {docker.py:438} INFO -  11  gardenSurface          10 non-null     float64
[2025-11-20T11:50:38.511+0000] {docker.py:438} INFO -  12  hasTerrace             10 non-null     int64  
[2025-11-20T11:50:38.511+0000] {docker.py:438} INFO -  13  epcScore               10 non-null     object 
[2025-11-20T11:50:38.512+0000] {docker.py:438} INFO -  14  price                  10 non-null     float64
[2025-11-20T11:50:38.512+0000] {docker.py:438} INFO -  15  hasParking             10 non-null     int64  
[2025-11-20T11:50:38.512+0000] {docker.py:438} INFO -  16  MunicipalityCleanName  10 non-null     int64  
[2025-11-20T11:50:38.513+0000] {docker.py:438} INFO -  17  region                 10 non-null     object 
[2025-11-20T11:50:38.513+0000] {docker.py:438} INFO -  18  price_square_meter     10 non-null     float64
[2025-11-20T11:50:38.513+0000] {docker.py:438} INFO -  19  last_seen              10 non-null     object 
[2025-11-20T11:50:38.514+0000] {docker.py:438} INFO - dtypes: float64(6), int64(6), object(8)
[2025-11-20T11:50:38.514+0000] {docker.py:438} INFO - memory usage: 1.7+ KB
[2025-11-20T11:50:38.515+0000] {docker.py:438} INFO - None
[2025-11-20T11:50:39.195+0000] {taskinstance.py:340} INFO - ::group::Post task execution logs
[2025-11-20T11:50:39.197+0000] {taskinstance.py:352} INFO - Marking task as SUCCESS. dag_id=immoeliza_pipeline, task_id=run_model_training, run_id=manual__2025-11-20T11:48:45.270531+00:00, execution_date=20251120T114845, start_date=20251120T115029, end_date=20251120T115039
[2025-11-20T11:50:39.268+0000] {local_task_job_runner.py:266} INFO - Task exited with return code 0
[2025-11-20T11:50:39.305+0000] {taskinstance.py:3895} INFO - 0 downstream tasks scheduled from follow-on schedule check
[2025-11-20T11:50:39.308+0000] {local_task_job_runner.py:245} INFO - ::endgroup::
